\BOOKMARK [1][-]{section.1}{\376\377\000I\000n\000t\000r\000o\000d\000u\000c\000t\000i\000o\000n}{}% 1
\BOOKMARK [1][-]{section.2}{\376\377\000R\000e\000l\000a\000t\000e\000d\000\040\000W\000o\000r\000k}{}% 2
\BOOKMARK [1][-]{section.3}{\376\377\000M\000e\000t\000h\000o\000d}{}% 3
\BOOKMARK [2][-]{subsection.3.1}{\376\377\000P\000r\000e\000l\000i\000m\000i\000n\000a\000r\000i\000e\000s}{section.3}% 4
\BOOKMARK [2][-]{subsection.3.2}{\376\377\000T\000e\000m\000p\000o\000r\000a\000l\000\040\000D\000i\000f\000f\000e\000r\000e\000n\000c\000e\000\040\000I\000n\000f\000o\000N\000C\000E}{section.3}% 5
\BOOKMARK [2][-]{subsection.3.3}{\376\377\000G\000o\000a\000l\000-\000c\000o\000n\000d\000i\000t\000i\000o\000n\000e\000d\000\040\000P\000o\000l\000i\000c\000y\000\040\000L\000e\000a\000r\000n\000i\000n\000g}{section.3}% 6
\BOOKMARK [1][-]{section.4}{\376\377\000E\000x\000p\000e\000r\000i\000m\000e\000n\000t\000s}{}% 7
\BOOKMARK [2][-]{subsection.4.1}{\376\377\000C\000o\000m\000p\000a\000r\000i\000n\000g\000\040\000t\000o\000\040\000P\000r\000i\000o\000r\000\040\000G\000o\000a\000l\000-\000c\000o\000n\000d\000i\000t\000i\000o\000n\000e\000d\000\040\000R\000L\000\040\000m\000e\000t\000h\000o\000d\000s}{section.4}% 8
\BOOKMARK [2][-]{subsection.4.2}{\376\377\000E\000v\000a\000l\000u\000a\000t\000i\000o\000n\000\040\000o\000n\000\040\000O\000f\000f\000l\000i\000n\000e\000\040\000G\000o\000a\000l\000\040\000R\000e\000a\000c\000h\000i\000n\000g}{section.4}% 9
\BOOKMARK [2][-]{subsection.4.3}{\376\377\000A\000c\000c\000u\000r\000a\000c\000y\000\040\000o\000f\000\040\000t\000h\000e\000\040\000e\000s\000t\000i\000m\000a\000t\000e\000d\000\040\000d\000i\000s\000c\000o\000u\000n\000t\000e\000d\000\040\000s\000t\000a\000t\000e\000\040\000o\000c\000c\000u\000p\000a\000n\000c\000y\000\040\000m\000e\000a\000s\000u\000r\000e}{section.4}% 10
\BOOKMARK [2][-]{subsection.4.4}{\376\377\000D\000o\000e\000s\000\040\000T\000D\000\040\000I\000n\000f\000o\000N\000C\000E\000\040\000e\000n\000a\000b\000l\000e\000\040\000o\000f\000f\000-\000p\000o\000l\000i\000c\000y\000\040\000r\000e\000a\000s\000o\000n\000i\000n\000g\000?}{section.4}% 11
\BOOKMARK [1][-]{section.5}{\376\377\000C\000o\000n\000c\000l\000u\000s\000i\000o\000n}{}% 12
\BOOKMARK [1][-]{appendix.A}{\376\377\000T\000h\000e\000o\000r\000e\000t\000i\000c\000a\000l\000\040\000A\000n\000a\000l\000y\000s\000i\000s}{}% 13
\BOOKMARK [1][-]{appendix.B}{\376\377\000C\000o\000n\000n\000e\000c\000t\000i\000o\000n\000\040\000w\000i\000t\000h\000\040\000m\000u\000t\000u\000a\000l\000\040\000i\000n\000f\000o\000r\000m\000a\000t\000i\000o\000n\000\040\000a\000n\000d\000\040\000s\000k\000i\000l\000l\000\040\000l\000e\000a\000r\000n\000i\000n\000g\000.}{}% 14
\BOOKMARK [1][-]{appendix.C}{\376\377\000C\000o\000n\000n\000e\000c\000t\000i\000o\000n\000\040\000w\000i\000t\000h\000\040\000S\000u\000c\000c\000e\000s\000s\000o\000r\000\040\000R\000e\000p\000r\000e\000s\000e\000n\000t\000a\000t\000i\000o\000n\000s}{}% 15
\BOOKMARK [1][-]{appendix.D}{\376\377\000E\000x\000p\000e\000r\000i\000m\000e\000n\000t\000a\000l\000\040\000D\000e\000t\000a\000i\000l\000s}{}% 16
\BOOKMARK [2][-]{subsection.D.1}{\376\377\000T\000h\000e\000\040\000C\000o\000m\000p\000l\000e\000t\000e\000\040\000A\000l\000g\000o\000r\000i\000t\000h\000m\000\040\000f\000o\000r\000\040\000G\000o\000a\000l\000-\000C\000o\000n\000d\000i\000t\000i\000o\000n\000e\000d\000\040\000R\000L}{appendix.D}% 17
\BOOKMARK [2][-]{subsection.D.2}{\376\377\000O\000n\000l\000i\000n\000e\000\040\000G\000o\000a\000l\000-\000c\000o\000n\000d\000i\000t\000i\000o\000n\000e\000d\000\040\000R\000L\000\040\000E\000x\000p\000e\000r\000i\000m\000e\000n\000t\000s}{appendix.D}% 18
\BOOKMARK [2][-]{subsection.D.3}{\376\377\000O\000f\000f\000l\000i\000n\000e\000\040\000G\000o\000a\000l\000-\000c\000o\000n\000d\000i\000t\000i\000o\000n\000e\000d\000\040\000R\000L\000\040\000E\000x\000p\000e\000r\000i\000m\000e\000n\000t\000s}{appendix.D}% 19
\BOOKMARK [2][-]{subsection.D.4}{\376\377\000O\000f\000f\000-\000P\000o\000l\000i\000c\000y\000\040\000R\000e\000a\000s\000o\000n\000i\000n\000g\000\040\000E\000x\000p\000e\000r\000i\000m\000e\000n\000t\000s}{appendix.D}% 20
\BOOKMARK [2][-]{subsection.D.5}{\376\377\000I\000m\000p\000l\000e\000m\000e\000n\000t\000a\000t\000i\000o\000n\000s\000\040\000a\000n\000d\000\040\000H\000y\000p\000e\000r\000p\000a\000r\000a\000m\000e\000t\000e\000r\000s}{appendix.D}% 21
\BOOKMARK [1][-]{appendix.E}{\376\377\000A\000d\000d\000i\000t\000i\000o\000n\000a\000l\000\040\000E\000x\000p\000e\000r\000i\000m\000e\000n\000t\000s}{}% 22
\BOOKMARK [2][-]{subsection.E.1}{\376\377\000H\000y\000p\000e\000r\000p\000a\000r\000a\000m\000e\000t\000e\000r\000\040\000A\000b\000l\000a\000t\000i\000o\000n\000s}{appendix.E}% 23
\BOOKMARK [2][-]{subsection.E.2}{\376\377\000P\000r\000e\000d\000i\000c\000t\000i\000n\000g\000\040\000t\000h\000e\000\040\000d\000i\000s\000c\000o\000u\000n\000t\000e\000d\000\040\000s\000t\000a\000t\000e\000\040\000o\000c\000c\000u\000p\000a\000n\000c\000y\000\040\000m\000e\000a\000s\000u\000r\000e}{appendix.E}% 24
\BOOKMARK [2][-]{subsection.E.3}{\376\377\000U\000n\000d\000e\000r\000s\000t\000a\000n\000d\000i\000n\000g\000\040\000t\000h\000e\000\040\000D\000i\000f\000f\000e\000r\000e\000n\000c\000e\000s\000\040\000b\000e\000t\000w\000e\000e\000n\000\040\000T\000D\000\040\000I\000n\000f\000o\000N\000C\000E\000\040\000a\000n\000d\000\040\000C\000-\000L\000e\000a\000r\000n\000i\000n\000g}{appendix.E}% 25
\BOOKMARK [2][-]{subsection.E.4}{\376\377\000R\000e\000p\000r\000e\000s\000e\000n\000t\000a\000t\000i\000o\000n\000\040\000I\000n\000t\000e\000r\000p\000o\000l\000a\000t\000i\000o\000n}{appendix.E}% 26
