This is pdfTeX, Version 3.141592653-2.6-1.40.27 (TeX Live 2025) (preloaded format=pdflatex 2025.3.8)  26 MAY 2025 23:09
entering extended mode
 restricted \write18 enabled.
 %&-line parsing enabled.
**main.tex
(./main.tex
LaTeX2e <2024-11-01> patch level 2
L3 programming layer <2025-01-18>
(/usr/local/texlive/2025/texmf-dist/tex/latex/base/article.cls
Document Class: article 2024/06/29 v1.4n Standard LaTeX document class
(/usr/local/texlive/2025/texmf-dist/tex/latex/base/size10.clo
File: size10.clo 2024/06/29 v1.4n Standard LaTeX file (size option)
)
\c@part=\count196
\c@section=\count197
\c@subsection=\count198
\c@subsubsection=\count199
\c@paragraph=\count266
\c@subparagraph=\count267
\c@figure=\count268
\c@table=\count269
\abovecaptionskip=\skip49
\belowcaptionskip=\skip50
\bibindent=\dimen141
)
(./iclr2024_conference.sty
(/usr/local/texlive/2025/texmf-dist/tex/latex/eso-pic/eso-pic.sty
Package: eso-pic 2023/05/03 v3.0c eso-pic (RN)
\ESO@tempdima=\dimen142
\ESO@tempdimb=\dimen143

(/usr/local/texlive/2025/texmf-dist/tex/latex/graphics/keyval.sty
Package: keyval 2022/05/29 v1.15 key=value parser (DPC)
\KV@toks@=\toks17
)
(/usr/local/texlive/2025/texmf-dist/tex/latex/xcolor/xcolor.sty
Package: xcolor 2024/09/29 v3.02 LaTeX color extensions (UK)

(/usr/local/texlive/2025/texmf-dist/tex/latex/graphics-cfg/color.cfg
File: color.cfg 2016/01/02 v1.6 sample color configuration
)
Package xcolor Info: Driver file: pdftex.def on input line 274.

(/usr/local/texlive/2025/texmf-dist/tex/latex/graphics-def/pdftex.def
File: pdftex.def 2024/04/13 v1.2c Graphics/color driver for pdftex
)
(/usr/local/texlive/2025/texmf-dist/tex/latex/graphics/mathcolor.ltx)
Package xcolor Info: Model `cmy' substituted by `cmy0' on input line 1349.
Package xcolor Info: Model `hsb' substituted by `rgb' on input line 1353.
Package xcolor Info: Model `RGB' extended on input line 1365.
Package xcolor Info: Model `HTML' substituted by `rgb' on input line 1367.
Package xcolor Info: Model `Hsb' substituted by `hsb' on input line 1368.
Package xcolor Info: Model `tHsb' substituted by `hsb' on input line 1369.
Package xcolor Info: Model `HSB' substituted by `hsb' on input line 1370.
Package xcolor Info: Model `Gray' substituted by `gray' on input line 1371.
Package xcolor Info: Model `wave' substituted by `hsb' on input line 1372.
)
(/usr/local/texlive/2025/texmf-dist/tex/latex/graphics/dvipsnam.def
File: dvipsnam.def 2016/06/17 v3.0m Driver-dependent file (DPC,SPQR)
))
(./fancyhdr.sty
\fancy@headwidth=\skip51
\f@ncyO@elh=\skip52
\f@ncyO@erh=\skip53
\f@ncyO@olh=\skip54
\f@ncyO@orh=\skip55
\f@ncyO@elf=\skip56
\f@ncyO@erf=\skip57
\f@ncyO@olf=\skip58
\f@ncyO@orf=\skip59
) (./natbib.sty
Package: natbib 2009/07/16 8.31 (PWD, AO)
\bibhang=\skip60
\bibsep=\skip61
LaTeX Info: Redefining \cite on input line 694.
\c@NAT@ctr=\count270
))
(/usr/local/texlive/2025/texmf-dist/tex/latex/psnfss/times.sty
Package: times 2020/03/25 PSNFSS-v9.3 (SPQR) 
)
(./math_commands.tex
(/usr/local/texlive/2025/texmf-dist/tex/latex/amsmath/amsmath.sty
Package: amsmath 2024/11/05 v2.17t AMS math features
\@mathmargin=\skip62

For additional information on amsmath, use the `?' option.
(/usr/local/texlive/2025/texmf-dist/tex/latex/amsmath/amstext.sty
Package: amstext 2021/08/26 v2.01 AMS text

(/usr/local/texlive/2025/texmf-dist/tex/latex/amsmath/amsgen.sty
File: amsgen.sty 1999/11/30 v2.0 generic functions
\@emptytoks=\toks18
\ex@=\dimen144
))
(/usr/local/texlive/2025/texmf-dist/tex/latex/amsmath/amsbsy.sty
Package: amsbsy 1999/11/29 v1.2d Bold Symbols
\pmbraise@=\dimen145
)
(/usr/local/texlive/2025/texmf-dist/tex/latex/amsmath/amsopn.sty
Package: amsopn 2022/04/08 v2.04 operator names
)
\inf@bad=\count271
LaTeX Info: Redefining \frac on input line 233.
\uproot@=\count272
\leftroot@=\count273
LaTeX Info: Redefining \overline on input line 398.
LaTeX Info: Redefining \colon on input line 409.
\classnum@=\count274
\DOTSCASE@=\count275
LaTeX Info: Redefining \ldots on input line 495.
LaTeX Info: Redefining \dots on input line 498.
LaTeX Info: Redefining \cdots on input line 619.
\Mathstrutbox@=\box52
\strutbox@=\box53
LaTeX Info: Redefining \big on input line 721.
LaTeX Info: Redefining \Big on input line 722.
LaTeX Info: Redefining \bigg on input line 723.
LaTeX Info: Redefining \Bigg on input line 724.
\big@size=\dimen146
LaTeX Font Info:    Redeclaring font encoding OML on input line 742.
LaTeX Font Info:    Redeclaring font encoding OMS on input line 743.
\macc@depth=\count276
LaTeX Info: Redefining \bmod on input line 904.
LaTeX Info: Redefining \pmod on input line 909.
LaTeX Info: Redefining \smash on input line 939.
LaTeX Info: Redefining \relbar on input line 969.
LaTeX Info: Redefining \Relbar on input line 970.
\c@MaxMatrixCols=\count277
\dotsspace@=\muskip17
\c@parentequation=\count278
\dspbrk@lvl=\count279
\tag@help=\toks19
\row@=\count280
\column@=\count281
\maxfields@=\count282
\andhelp@=\toks20
\eqnshift@=\dimen147
\alignsep@=\dimen148
\tagshift@=\dimen149
\tagwidth@=\dimen150
\totwidth@=\dimen151
\lineht@=\dimen152
\@envbody=\toks21
\multlinegap=\skip63
\multlinetaggap=\skip64
\mathdisplay@stack=\toks22
LaTeX Info: Redefining \[ on input line 2953.
LaTeX Info: Redefining \] on input line 2954.
)
(/usr/local/texlive/2025/texmf-dist/tex/latex/amsfonts/amsfonts.sty
Package: amsfonts 2013/01/14 v3.01 Basic AMSFonts support
\symAMSa=\mathgroup4
\symAMSb=\mathgroup5
LaTeX Font Info:    Redeclaring math symbol \hbar on input line 98.
LaTeX Font Info:    Overwriting math alphabet `\mathfrak' in version `bold'
(Font)                  U/euf/m/n --> U/euf/b/n on input line 106.
)
(/usr/local/texlive/2025/texmf-dist/tex/latex/tools/bm.sty
Package: bm 2023/12/19 v1.2f Bold Symbol Support (DPC/FMi)
\symboldoperators=\mathgroup6
\symboldletters=\mathgroup7
\symboldsymbols=\mathgroup8
Package bm Info: No bold for \OMX/cmex/m/n, using \pmb.
Package bm Info: No bold for \U/msa/m/n, using \pmb.
Package bm Info: No bold for \U/msb/m/n, using \pmb.
LaTeX Font Info:    Redeclaring math alphabet \mathbf on input line 149.
)
LaTeX Font Info:    Overwriting math alphabet `\mathsfit' in version `bold'
(Font)                  OT1/phv/m/sl --> OT1/phv/bx/n on input line 285.
)
(/usr/local/texlive/2025/texmf-dist/tex/latex/hyperref/hyperref.sty
Package: hyperref 2024-11-05 v7.01l Hypertext links for LaTeX

(/usr/local/texlive/2025/texmf-dist/tex/generic/iftex/iftex.sty
Package: iftex 2024/12/12 v1.0g TeX engine tests
)
(/usr/local/texlive/2025/texmf-dist/tex/latex/kvsetkeys/kvsetkeys.sty
Package: kvsetkeys 2022-10-05 v1.19 Key value parser (HO)
)
(/usr/local/texlive/2025/texmf-dist/tex/generic/kvdefinekeys/kvdefinekeys.sty
Package: kvdefinekeys 2019-12-19 v1.6 Define keys (HO)
)
(/usr/local/texlive/2025/texmf-dist/tex/generic/pdfescape/pdfescape.sty
Package: pdfescape 2019/12/09 v1.15 Implements pdfTeX's escape features (HO)

(/usr/local/texlive/2025/texmf-dist/tex/generic/ltxcmds/ltxcmds.sty
Package: ltxcmds 2023-12-04 v1.26 LaTeX kernel commands for general use (HO)
)
(/usr/local/texlive/2025/texmf-dist/tex/generic/pdftexcmds/pdftexcmds.sty
Package: pdftexcmds 2020-06-27 v0.33 Utility functions of pdfTeX for LuaTeX (HO
)

(/usr/local/texlive/2025/texmf-dist/tex/generic/infwarerr/infwarerr.sty
Package: infwarerr 2019/12/03 v1.5 Providing info/warning/error messages (HO)
)
Package pdftexcmds Info: \pdf@primitive is available.
Package pdftexcmds Info: \pdf@ifprimitive is available.
Package pdftexcmds Info: \pdfdraftmode found.
))
(/usr/local/texlive/2025/texmf-dist/tex/latex/hycolor/hycolor.sty
Package: hycolor 2020-01-27 v1.10 Color options for hyperref/bookmark (HO)
)
(/usr/local/texlive/2025/texmf-dist/tex/latex/hyperref/nameref.sty
Package: nameref 2023-11-26 v2.56 Cross-referencing by name of section

(/usr/local/texlive/2025/texmf-dist/tex/latex/refcount/refcount.sty
Package: refcount 2019/12/15 v3.6 Data extraction from label references (HO)
)
(/usr/local/texlive/2025/texmf-dist/tex/generic/gettitlestring/gettitlestring.s
ty
Package: gettitlestring 2019/12/15 v1.6 Cleanup title references (HO)
 (/usr/local/texlive/2025/texmf-dist/tex/latex/kvoptions/kvoptions.sty
Package: kvoptions 2022-06-15 v3.15 Key value format for package options (HO)
))
\c@section@level=\count283
)
(/usr/local/texlive/2025/texmf-dist/tex/latex/etoolbox/etoolbox.sty
Package: etoolbox 2025/02/11 v2.5l e-TeX tools for LaTeX (JAW)
\etb@tempcnta=\count284
)
(/usr/local/texlive/2025/texmf-dist/tex/generic/stringenc/stringenc.sty
Package: stringenc 2019/11/29 v1.12 Convert strings between diff. encodings (HO
)
)
\@linkdim=\dimen153
\Hy@linkcounter=\count285
\Hy@pagecounter=\count286

(/usr/local/texlive/2025/texmf-dist/tex/latex/hyperref/pd1enc.def
File: pd1enc.def 2024-11-05 v7.01l Hyperref: PDFDocEncoding definition (HO)
Now handling font encoding PD1 ...
... no UTF-8 mapping file for font encoding PD1
)
(/usr/local/texlive/2025/texmf-dist/tex/generic/intcalc/intcalc.sty
Package: intcalc 2019/12/15 v1.3 Expandable calculations with integers (HO)
)
\Hy@SavedSpaceFactor=\count287

(/usr/local/texlive/2025/texmf-dist/tex/latex/hyperref/puenc.def
File: puenc.def 2024-11-05 v7.01l Hyperref: PDF Unicode definition (HO)
Now handling font encoding PU ...
... no UTF-8 mapping file for font encoding PU
)
Package hyperref Info: Hyper figures OFF on input line 4157.
Package hyperref Info: Link nesting OFF on input line 4162.
Package hyperref Info: Hyper index ON on input line 4165.
Package hyperref Info: Plain pages OFF on input line 4172.
Package hyperref Info: Backreferencing OFF on input line 4177.
Package hyperref Info: Implicit mode ON; LaTeX internals redefined.
Package hyperref Info: Bookmarks ON on input line 4424.
\c@Hy@tempcnt=\count288

(/usr/local/texlive/2025/texmf-dist/tex/latex/url/url.sty
\Urlmuskip=\muskip18
Package: url 2013/09/16  ver 3.4  Verb mode for urls, etc.
)
LaTeX Info: Redefining \url on input line 4763.
\XeTeXLinkMargin=\dimen154

(/usr/local/texlive/2025/texmf-dist/tex/generic/bitset/bitset.sty
Package: bitset 2019/12/09 v1.3 Handle bit-vector datatype (HO)

(/usr/local/texlive/2025/texmf-dist/tex/generic/bigintcalc/bigintcalc.sty
Package: bigintcalc 2019/12/15 v1.5 Expandable calculations on big integers (HO
)
))
\Fld@menulength=\count289
\Field@Width=\dimen155
\Fld@charsize=\dimen156
Package hyperref Info: Hyper figures OFF on input line 6042.
Package hyperref Info: Link nesting OFF on input line 6047.
Package hyperref Info: Hyper index ON on input line 6050.
Package hyperref Info: backreferencing OFF on input line 6057.
Package hyperref Info: Link coloring OFF on input line 6062.
Package hyperref Info: Link coloring with OCG OFF on input line 6067.
Package hyperref Info: PDF/A mode OFF on input line 6072.

(/usr/local/texlive/2025/texmf-dist/tex/latex/base/atbegshi-ltx.sty
Package: atbegshi-ltx 2021/01/10 v1.0c Emulation of the original atbegshi
package with kernel methods
)
\Hy@abspage=\count290
\c@Item=\count291
\c@Hfootnote=\count292
)
Package hyperref Info: Driver (autodetected): hpdftex.

(/usr/local/texlive/2025/texmf-dist/tex/latex/hyperref/hpdftex.def
File: hpdftex.def 2024-11-05 v7.01l Hyperref driver for pdfTeX

(/usr/local/texlive/2025/texmf-dist/tex/latex/base/atveryend-ltx.sty
Package: atveryend-ltx 2020/08/19 v1.0a Emulation of the original atveryend pac
kage
with kernel methods
)
\Fld@listcount=\count293
\c@bookmark@seq@number=\count294

(/usr/local/texlive/2025/texmf-dist/tex/latex/rerunfilecheck/rerunfilecheck.sty
Package: rerunfilecheck 2022-07-10 v1.10 Rerun checks for auxiliary files (HO)

(/usr/local/texlive/2025/texmf-dist/tex/generic/uniquecounter/uniquecounter.sty
Package: uniquecounter 2019/12/15 v1.4 Provide unlimited unique counter (HO)
)
Package uniquecounter Info: New unique counter `rerunfilecheck' on input line 2
85.
)
\Hy@SectionHShift=\skip65
) (/usr/local/texlive/2025/texmf-dist/tex/latex/cancel/cancel.sty
Package: cancel 2013/04/12 v2.2 Cancel math terms
)
(/usr/local/texlive/2025/texmf-dist/tex/latex/graphics/graphicx.sty
Package: graphicx 2021/09/16 v1.2d Enhanced LaTeX Graphics (DPC,SPQR)

(/usr/local/texlive/2025/texmf-dist/tex/latex/graphics/graphics.sty
Package: graphics 2024/08/06 v1.4g Standard LaTeX Graphics (DPC,SPQR)

(/usr/local/texlive/2025/texmf-dist/tex/latex/graphics/trig.sty
Package: trig 2023/12/02 v1.11 sin cos tan (DPC)
)
(/usr/local/texlive/2025/texmf-dist/tex/latex/graphics-cfg/graphics.cfg
File: graphics.cfg 2016/06/04 v1.11 sample graphics configuration
)
Package graphics Info: Driver file: pdftex.def on input line 106.
)
\Gin@req@height=\dimen157
\Gin@req@width=\dimen158
)
(/usr/local/texlive/2025/texmf-dist/tex/latex/amsfonts/amssymb.sty
Package: amssymb 2013/01/14 v3.01 AMS font symbols
)
(/usr/local/texlive/2025/texmf-dist/tex/latex/bbm-macros/bbm.sty
Package: bbm 1999/03/15 V 1.2 provides fonts for set symbols - TH
LaTeX Font Info:    Overwriting math alphabet `\mathbbm' in version `bold'
(Font)                  U/bbm/m/n --> U/bbm/bx/n on input line 33.
LaTeX Font Info:    Overwriting math alphabet `\mathbbmss' in version `bold'
(Font)                  U/bbmss/m/n --> U/bbmss/bx/n on input line 35.
)
(/usr/local/texlive/2025/texmf-dist/tex/latex/amscls/amsthm.sty
Package: amsthm 2020/05/29 v2.20.6
\thm@style=\toks23
\thm@bodyfont=\toks24
\thm@headfont=\toks25
\thm@notefont=\toks26
\thm@headpunct=\toks27
\thm@preskip=\skip66
\thm@postskip=\skip67
\thm@headsep=\skip68
\dth@everypar=\toks28
)
(/usr/local/texlive/2025/texmf-dist/tex/latex/algorithms/algorithm.sty
Package: algorithm 2009/08/24 v0.1 Document Style `algorithm' - floating enviro
nment

(/usr/local/texlive/2025/texmf-dist/tex/latex/float/float.sty
Package: float 2001/11/08 v1.3d Float enhancements (AL)
\c@float@type=\count295
\float@exts=\toks29
\float@box=\box54
\@float@everytoks=\toks30
\@floatcapt=\box55
)
(/usr/local/texlive/2025/texmf-dist/tex/latex/base/ifthen.sty
Package: ifthen 2024/03/16 v1.1e Standard LaTeX ifthen package (DPC)
)
\@float@every@algorithm=\toks31
\c@algorithm=\count296
)
(/usr/local/texlive/2025/texmf-dist/tex/latex/algorithmicx/algpseudocode.sty
Package: algpseudocode 

(/usr/local/texlive/2025/texmf-dist/tex/latex/algorithmicx/algorithmicx.sty
Package: algorithmicx 2005/04/27 v1.2 Algorithmicx

Document Style algorithmicx 1.2 - a greatly improved `algorithmic' style
\c@ALG@line=\count297
\c@ALG@rem=\count298
\c@ALG@nested=\count299
\ALG@tlm=\skip69
\ALG@thistlm=\skip70
\c@ALG@Lnr=\count300
\c@ALG@blocknr=\count301
\c@ALG@storecount=\count302
\c@ALG@tmpcounter=\count303
\ALG@tmplength=\skip71
)
Document Style - pseudocode environments for use with the `algorithmicx' style
) (/usr/local/texlive/2025/texmf-dist/tex/latex/caption/caption.sty
Package: caption 2023/08/05 v3.6o Customizing captions (AR)

(/usr/local/texlive/2025/texmf-dist/tex/latex/caption/caption3.sty
Package: caption3 2023/07/31 v2.4d caption3 kernel (AR)
\caption@tempdima=\dimen159
\captionmargin=\dimen160
\caption@leftmargin=\dimen161
\caption@rightmargin=\dimen162
\caption@width=\dimen163
\caption@indent=\dimen164
\caption@parindent=\dimen165
\caption@hangindent=\dimen166
Package caption Info: Standard document class detected.
)
\c@caption@flags=\count304
\c@continuedfloat=\count305
Package caption Info: float package is loaded.
Package caption Info: hyperref package is loaded.
)
(/usr/local/texlive/2025/texmf-dist/tex/latex/caption/subcaption.sty
Package: subcaption 2023/07/28 v1.6b Sub-captions (AR)
Package caption Info: New subtype `subfigure' on input line 238.
\c@subfigure=\count306
Package caption Info: New subtype `subtable' on input line 238.
\c@subtable=\count307
)
(/usr/local/texlive/2025/texmf-dist/tex/latex/wrapfig/wrapfig.sty
\wrapoverhang=\dimen167
\WF@size=\dimen168
\c@WF@wrappedlines=\count308
\WF@box=\box56
\WF@everypar=\toks32
Package: wrapfig 2003/01/31  v 3.6
)
(/usr/local/texlive/2025/texmf-dist/tex/latex/booktabs/booktabs.sty
Package: booktabs 2020/01/12 v1.61803398 Publication quality tables
\heavyrulewidth=\dimen169
\lightrulewidth=\dimen170
\cmidrulewidth=\dimen171
\belowrulesep=\dimen172
\belowbottomsep=\dimen173
\aboverulesep=\dimen174
\abovetopsep=\dimen175
\cmidrulesep=\dimen176
\cmidrulekern=\dimen177
\defaultaddspace=\dimen178
\@cmidla=\count309
\@cmidlb=\count310
\@aboverulesep=\dimen179
\@belowrulesep=\dimen180
\@thisruleclass=\count311
\@lastruleclass=\count312
\@thisrulewidth=\dimen181
)
(/usr/local/texlive/2025/texmf-dist/tex/latex/mathtools/mathtools.sty
Package: mathtools 2024/10/04 v1.31 mathematical typesetting tools

(/usr/local/texlive/2025/texmf-dist/tex/latex/tools/calc.sty
Package: calc 2023/07/08 v4.3 Infix arithmetic (KKT,FJ)
\calc@Acount=\count313
\calc@Bcount=\count314
\calc@Adimen=\dimen182
\calc@Bdimen=\dimen183
\calc@Askip=\skip72
\calc@Bskip=\skip73
LaTeX Info: Redefining \setlength on input line 80.
LaTeX Info: Redefining \addtolength on input line 81.
\calc@Ccount=\count315
\calc@Cskip=\skip74
)
(/usr/local/texlive/2025/texmf-dist/tex/latex/mathtools/mhsetup.sty
Package: mhsetup 2021/03/18 v1.4 programming setup (MH)
)
\g_MT_multlinerow_int=\count316
\l_MT_multwidth_dim=\dimen184
\origjot=\skip75
\l_MT_shortvdotswithinadjustabove_dim=\dimen185
\l_MT_shortvdotswithinadjustbelow_dim=\dimen186
\l_MT_above_intertext_sep=\dimen187
\l_MT_below_intertext_sep=\dimen188
\l_MT_above_shortintertext_sep=\dimen189
\l_MT_below_shortintertext_sep=\dimen190
\xmathstrut@box=\box57
\xmathstrut@dim=\dimen191
)
(/usr/local/texlive/2025/texmf-dist/tex/latex/psnfss/pifont.sty
Package: pifont 2020/03/25 PSNFSS-v9.3 Pi font support (SPQR) 
LaTeX Font Info:    Trying to load font information for U+pzd on input line 63.


(/usr/local/texlive/2025/texmf-dist/tex/latex/psnfss/upzd.fd
File: upzd.fd 2001/06/04 font definitions for U/pzd.
)
LaTeX Font Info:    Trying to load font information for U+psy on input line 64.


(/usr/local/texlive/2025/texmf-dist/tex/latex/psnfss/upsy.fd
File: upsy.fd 2001/06/04 font definitions for U/psy.
))
\c@theorem=\count317
\c@corollary=\count318
\c@proposition=\count319
LaTeX Font Info:    Trying to load font information for OT1+ptm on input line 5
7.

(/usr/local/texlive/2025/texmf-dist/tex/latex/psnfss/ot1ptm.fd
File: ot1ptm.fd 2001/06/04 font definitions for OT1/ptm.
)
(/usr/local/texlive/2025/texmf-dist/tex/latex/l3backend/l3backend-pdftex.def
File: l3backend-pdftex.def 2024-05-08 L3 backend support: PDF output (pdfTeX)
\l__color_backend_stack_int=\count320
\l__pdf_internal_box=\box58
)
(./main.aux)
\openout1 = `main.aux'.

LaTeX Font Info:    Checking defaults for OML/cmm/m/it on input line 57.
LaTeX Font Info:    ... okay on input line 57.
LaTeX Font Info:    Checking defaults for OMS/cmsy/m/n on input line 57.
LaTeX Font Info:    ... okay on input line 57.
LaTeX Font Info:    Checking defaults for OT1/cmr/m/n on input line 57.
LaTeX Font Info:    ... okay on input line 57.
LaTeX Font Info:    Checking defaults for T1/cmr/m/n on input line 57.
LaTeX Font Info:    ... okay on input line 57.
LaTeX Font Info:    Checking defaults for TS1/cmr/m/n on input line 57.
LaTeX Font Info:    ... okay on input line 57.
LaTeX Font Info:    Checking defaults for OMX/cmex/m/n on input line 57.
LaTeX Font Info:    ... okay on input line 57.
LaTeX Font Info:    Checking defaults for U/cmr/m/n on input line 57.
LaTeX Font Info:    ... okay on input line 57.
LaTeX Font Info:    Checking defaults for PD1/pdf/m/n on input line 57.
LaTeX Font Info:    ... okay on input line 57.
LaTeX Font Info:    Checking defaults for PU/pdf/m/n on input line 57.
LaTeX Font Info:    ... okay on input line 57.

(/usr/local/texlive/2025/texmf-dist/tex/context/base/mkii/supp-pdf.mkii
[Loading MPS to PDF converter (version 2006.09.02).]
\scratchcounter=\count321
\scratchdimen=\dimen192
\scratchbox=\box59
\nofMPsegments=\count322
\nofMParguments=\count323
\everyMPshowfont=\toks33
\MPscratchCnt=\count324
\MPscratchDim=\dimen193
\MPnumerator=\count325
\makeMPintoPDFobject=\count326
\everyMPtoPDFconversion=\toks34
) (/usr/local/texlive/2025/texmf-dist/tex/latex/epstopdf-pkg/epstopdf-base.sty
Package: epstopdf-base 2020-01-24 v2.11 Base part for package epstopdf
Package epstopdf-base Info: Redefining graphics rule for `.eps' on input line 4
85.

(/usr/local/texlive/2025/texmf-dist/tex/latex/latexconfig/epstopdf-sys.cfg
File: epstopdf-sys.cfg 2010/07/13 v1.3 Configuration of (r)epstopdf for TeX Liv
e
))
Package hyperref Info: Link coloring OFF on input line 57.
\@outlinefile=\write3
\openout3 = `main.out'.

Package caption Info: Begin \AtBeginDocument code.
Package caption Info: wrapfig package is loaded.
Package caption Info: End \AtBeginDocument code.
LaTeX Font Info:    Trying to load font information for U+msa on input line 61.


(/usr/local/texlive/2025/texmf-dist/tex/latex/amsfonts/umsa.fd
File: umsa.fd 2013/01/14 v3.01 AMS symbols A
)
LaTeX Font Info:    Trying to load font information for U+msb on input line 61.


(/usr/local/texlive/2025/texmf-dist/tex/latex/amsfonts/umsb.fd
File: umsb.fd 2013/01/14 v3.01 AMS symbols B
)
LaTeX Font Info:    Trying to load font information for OT1+pcr on input line 6
1.

(/usr/local/texlive/2025/texmf-dist/tex/latex/psnfss/ot1pcr.fd
File: ot1pcr.fd 2001/06/04 font definitions for OT1/pcr.
)
<figures/td_infonce.pdf, id=5, 442.65375pt x 238.49101pt>
File: figures/td_infonce.pdf Graphic file (type pdf)
<use figures/td_infonce.pdf>
Package pdftex.def Info: figures/td_infonce.pdf  used on input line 79.
(pdftex.def)             Requested size: 198.7425pt x 107.07977pt.


[1

{/usr/local/texlive/2025/texmf-var/fonts/map/pdftex/updmap/pdftex.map}{/usr/loc
al/texlive/2025/texmf-dist/fonts/enc/dvips/base/8r.enc}]

[2]

[3]

[4]

[5]
Package hyperref Info: bookmark level for unknown algorithm defaults to 0 on in
put line 232.


[6
pdfTeX warning (ext4): destination with the same identifier (name{figure.captio
n.9}) has been already used, duplicate ignored
<argument> ...shipout:D \box_use:N \l_shipout_box 
                                                  \__shipout_drop_firstpage_...
l.265 
      ]
<figures/learning_curves/online_lc_bar_v2.pdf, id=445, 621.53458pt x 269.24086p
t>
File: figures/learning_curves/online_lc_bar_v2.pdf Graphic file (type pdf)
<use figures/learning_curves/online_lc_bar_v2.pdf>
Package pdftex.def Info: figures/learning_curves/online_lc_bar_v2.pdf  used on 
input line 275.
(pdftex.def)             Requested size: 258.36281pt x 111.91774pt.
<figures/learning_curves/online_noise_env_bar_v2.pdf, id=450, 323.87561pt x 269
.24086pt>
File: figures/learning_curves/online_noise_env_bar_v2.pdf Graphic file (type pd
f)
<use figures/learning_curves/online_noise_env_bar_v2.pdf>
Package pdftex.def Info: figures/learning_curves/online_noise_env_bar_v2.pdf  u
sed on input line 282.
(pdftex.def)             Requested size: 135.14343pt x 112.3491pt.


[7]
<figures/critic_analysis/p_future_est_errs_v2.pdf, id=480, 736.26631pt x 260.34
036pt>
File: figures/critic_analysis/p_future_est_errs_v2.pdf Graphic file (type pdf)
<use figures/critic_analysis/p_future_est_errs_v2.pdf>
Package pdftex.def Info: figures/critic_analysis/p_future_est_errs_v2.pdf  used
 on input line 333.
(pdftex.def)             Requested size: 397.48499pt x 140.54991pt.


[8]
<figures/policy_analysis/stitching_dataset.pdf, id=503, 281.85298pt x 281.85298
pt>
File: figures/policy_analysis/stitching_dataset.pdf Graphic file (type pdf)
<use figures/policy_analysis/stitching_dataset.pdf>
Package pdftex.def Info: figures/policy_analysis/stitching_dataset.pdf  used on
 input line 367.
(pdftex.def)             Requested size: 61.05453pt x 61.05309pt.
<figures/policy_analysis/stitching_td_infonce.pdf, id=504, 627.00919pt x 598.90
419pt>
File: figures/policy_analysis/stitching_td_infonce.pdf Graphic file (type pdf)
<use figures/policy_analysis/stitching_td_infonce.pdf>
Package pdftex.def Info: figures/policy_analysis/stitching_td_infonce.pdf  used
 on input line 371.
(pdftex.def)             Requested size: 61.05453pt x 58.31296pt.
<figures/policy_analysis/stitching_contrastive.pdf, id=505, 627.00919pt x 598.9
0419pt>
File: figures/policy_analysis/stitching_contrastive.pdf Graphic file (type pdf)

<use figures/policy_analysis/stitching_contrastive.pdf>
Package pdftex.def Info: figures/policy_analysis/stitching_contrastive.pdf  use
d on input line 375.
(pdftex.def)             Requested size: 61.05453pt x 58.31296pt.
<figures/policy_analysis/shortcut_searching_single_dataset.pdf, id=508, 267.398
99pt x 267.39899pt>
File: figures/policy_analysis/shortcut_searching_single_dataset.pdf Graphic fil
e (type pdf)
<use figures/policy_analysis/shortcut_searching_single_dataset.pdf>
Package pdftex.def Info: figures/policy_analysis/shortcut_searching_single_data
set.pdf  used on input line 386.
(pdftex.def)             Requested size: 61.05453pt x 61.05165pt.
<figures/policy_analysis/shortcut_searching_single_td_infonce.pdf, id=509, 267.
39899pt x 267.39899pt>
File: figures/policy_analysis/shortcut_searching_single_td_infonce.pdf Graphic 
file (type pdf)
<use figures/policy_analysis/shortcut_searching_single_td_infonce.pdf>
Package pdftex.def Info: figures/policy_analysis/shortcut_searching_single_td_i
nfonce.pdf  used on input line 391.
(pdftex.def)             Requested size: 61.05453pt x 61.05165pt.
<figures/policy_analysis/shortcut_searching_single_contrastive_rl.pdf, id=510, 
267.39899pt x 267.39899pt>
File: figures/policy_analysis/shortcut_searching_single_contrastive_rl.pdf Grap
hic file (type pdf)
<use figures/policy_analysis/shortcut_searching_single_contrastive_rl.pdf>
Package pdftex.def Info: figures/policy_analysis/shortcut_searching_single_cont
rastive_rl.pdf  used on input line 396.
(pdftex.def)             Requested size: 61.05453pt x 61.05165pt.

Underfull \hbox (badness 1062) in paragraph at lines 399--399
[]\OT1/ptm/m/n/10 Figure 5: |\OT1/ptm/b/n/9 Search-ing for short-cuts in skewed

 []



[9] (./references.bbl

[10]

[11]

[12]

[13]

[14])

[15]
Underfull \hbox (badness 1460) in paragraph at lines 476--477
 []\OT1/ptm/b/n/10 InfoNCE Bell-man op-er-a-tor.[] \OT1/ptm/m/n/10 We de-fine t
he In-foNCE Bell-man op-er-a-tor for any func-tion
 []



[16

]

[17]
Underfull \hbox (badness 3646) in paragraph at lines 552--554
\OT1/ptm/m/n/10 Note that the in-ner prod-uct pa-ram-e-ter-i-za-tion of the cri
tic func-tion $\OML/cmm/m/it/10 f\OT1/cmr/m/n/10 (\OML/cmm/m/it/10 s[]; a[]; g;
 s[]\OT1/cmr/m/n/10 ) =
 []

<figures/learning_curves/online_lc_state_v3.pdf, id=653, 954.36243pt x 259.2926
6pt>
File: figures/learning_curves/online_lc_state_v3.pdf Graphic file (type pdf)
<use figures/learning_curves/online_lc_state_v3.pdf>
Package pdftex.def Info: figures/learning_curves/online_lc_state_v3.pdf  used o
n input line 578.
(pdftex.def)             Requested size: 397.48499pt x 107.99217pt.
<figures/learning_curves/online_lc_image_v3.pdf, id=654, 954.36243pt x 259.2926
6pt>
File: figures/learning_curves/online_lc_image_v3.pdf Graphic file (type pdf)
<use figures/learning_curves/online_lc_image_v3.pdf>
Package pdftex.def Info: figures/learning_curves/online_lc_image_v3.pdf  used o
n input line 584.
(pdftex.def)             Requested size: 397.48499pt x 107.99217pt.
<figures/learning_curves/online_distance_bar.pdf, id=655, 621.53458pt x 269.240
86pt>
File: figures/learning_curves/online_distance_bar.pdf Graphic file (type pdf)
<use figures/learning_curves/online_distance_bar.pdf>
Package pdftex.def Info: figures/learning_curves/online_distance_bar.pdf  used 
on input line 593.
(pdftex.def)             Requested size: 397.48499pt x 172.18208pt.


[18]

[19]
File: figures/policy_analysis/stitching_dataset.pdf Graphic file (type pdf)
<use figures/policy_analysis/stitching_dataset.pdf>
Package pdftex.def Info: figures/policy_analysis/stitching_dataset.pdf  used on
 input line 619.
(pdftex.def)             Requested size: 95.39857pt x 95.39867pt.
<figures/policy_analysis/stitching.pdf, id=697, 1020.63535pt x 542.025pt>
File: figures/policy_analysis/stitching.pdf Graphic file (type pdf)
<use figures/policy_analysis/stitching.pdf>
Package pdftex.def Info: figures/policy_analysis/stitching.pdf  used on input l
ine 624.
(pdftex.def)             Requested size: 298.11374pt x 158.3163pt.
<figures/policy_analysis/shortcut_searching_full.pdf, id=702, 1019.54172pt x 81
6.65097pt>
File: figures/policy_analysis/shortcut_searching_full.pdf Graphic file (type pd
f)
<use figures/policy_analysis/shortcut_searching_full.pdf>
Package pdftex.def Info: figures/policy_analysis/shortcut_searching_full.pdf  u
sed on input line 635.
(pdftex.def)             Requested size: 397.48499pt x 318.38045pt.


[20]

[21]
<figures/hyperparam_ablation/actor_learning_rate.pdf, id=730, 506.13052pt x 277
.71779pt>
File: figures/hyperparam_ablation/actor_learning_rate.pdf Graphic file (type pd
f)
<use figures/hyperparam_ablation/actor_learning_rate.pdf>
Package pdftex.def Info: figures/hyperparam_ablation/actor_learning_rate.pdf  u
sed on input line 690.
(pdftex.def)             Requested size: 194.76982pt x 106.8687pt.
<figures/hyperparam_ablation/critic_learning_rate.pdf, id=731, 506.13052pt x 27
7.71779pt>
File: figures/hyperparam_ablation/critic_learning_rate.pdf Graphic file (type p
df)
<use figures/hyperparam_ablation/critic_learning_rate.pdf>
Package pdftex.def Info: figures/hyperparam_ablation/critic_learning_rate.pdf  
used on input line 696.
(pdftex.def)             Requested size: 194.76982pt x 106.8687pt.
<figures/hyperparam_ablation/representation_normalization.pdf, id=732, 506.1305
2pt x 276.71404pt>
File: figures/hyperparam_ablation/representation_normalization.pdf Graphic file
 (type pdf)
<use figures/hyperparam_ablation/representation_normalization.pdf>
Package pdftex.def Info: figures/hyperparam_ablation/representation_normalizati
on.pdf  used on input line 702.
(pdftex.def)             Requested size: 194.76982pt x 106.48245pt.
<figures/hyperparam_ablation/MLP_hidden_layer_sizes.pdf, id=733, 506.13052pt x 
276.29057pt>
File: figures/hyperparam_ablation/MLP_hidden_layer_sizes.pdf Graphic file (type
 pdf)
<use figures/hyperparam_ablation/MLP_hidden_layer_sizes.pdf>
Package pdftex.def Info: figures/hyperparam_ablation/MLP_hidden_layer_sizes.pdf
  used on input line 708.
(pdftex.def)             Requested size: 194.76982pt x 106.31949pt.
<figures/hyperparam_ablation/representation_dimension.pdf, id=735, 506.13052pt 
x 276.29057pt>
File: figures/hyperparam_ablation/representation_dimension.pdf Graphic file (ty
pe pdf)
<use figures/hyperparam_ablation/representation_dimension.pdf>
Package pdftex.def Info: figures/hyperparam_ablation/representation_dimension.p
df  used on input line 714.
(pdftex.def)             Requested size: 194.76982pt x 106.31949pt.
<figures/hyperparam_ablation/gamma.pdf, id=736, 506.13052pt x 276.29057pt>
File: figures/hyperparam_ablation/gamma.pdf Graphic file (type pdf)
<use figures/hyperparam_ablation/gamma.pdf>
Package pdftex.def Info: figures/hyperparam_ablation/gamma.pdf  used on input l
ine 720.
(pdftex.def)             Requested size: 194.76982pt x 106.31949pt.


[22]
<figures/critic_analysis/p_future_est_errs_vs_gradient_steps_full.pdf, id=756, 
420.87361pt x 227.84673pt>
File: figures/critic_analysis/p_future_est_errs_vs_gradient_steps_full.pdf Grap
hic file (type pdf)
<use figures/critic_analysis/p_future_est_errs_vs_gradient_steps_full.pdf>
Package pdftex.def Info: figures/critic_analysis/p_future_est_errs_vs_gradient_
steps_full.pdf  used on input line 741.
(pdftex.def)             Requested size: 190.79109pt x 103.28798pt.
<figures/ablations/td_infonce_vs_c_learning.pdf, id=757, 565.52527pt x 282.7413
2pt>
File: figures/ablations/td_infonce_vs_c_learning.pdf Graphic file (type pdf)
<use figures/ablations/td_infonce_vs_c_learning.pdf>
Package pdftex.def Info: figures/ablations/td_infonce_vs_c_learning.pdf  used o
n input line 749.
(pdftex.def)             Requested size: 190.79109pt x 95.38872pt.


[23]
<figures/latent_interpolation/repr_vis_parametric.pdf, id=774, 393.87149pt x 39
3.87149pt>
File: figures/latent_interpolation/repr_vis_parametric.pdf Graphic file (type p
df)
<use figures/latent_interpolation/repr_vis_parametric.pdf>
Package pdftex.def Info: figures/latent_interpolation/repr_vis_parametric.pdf  
used on input line 772.
(pdftex.def)             Requested size: 194.76982pt x 194.77165pt.
<figures/latent_interpolation/repr_vis_non_parametric.pdf, id=775, 395.67827pt 
x 395.67827pt>
File: figures/latent_interpolation/repr_vis_non_parametric.pdf Graphic file (ty
pe pdf)
<use figures/latent_interpolation/repr_vis_non_parametric.pdf>
Package pdftex.def Info: figures/latent_interpolation/repr_vis_non_parametric.p
df  used on input line 777.
(pdftex.def)             Requested size: 194.76982pt x 194.77156pt.

Underfull \vbox (badness 5726) has occurred while \output is active []



[24]

[25] (./main.aux)
 ***********
LaTeX2e <2024-11-01> patch level 2
L3 programming layer <2025-01-18>
 ***********
Package rerunfilecheck Info: File `main.out' has not changed.
(rerunfilecheck)             Checksum: 824B517095084E6F3E1E8283DA0EA38F;5669.
 ) 
Here is how much of TeX's memory you used:
 15381 strings out of 473190
 247319 string characters out of 5715801
 661508 words of memory out of 5000000
 38185 multiletter control sequences out of 15000+600000
 596521 words of font info for 113 fonts, out of 8000000 for 9000
 1141 hyphenation exceptions out of 8191
 78i,21n,99p,1385b,732s stack positions out of 10000i,1000n,20000p,200000b,200000s

pdfTeX warning: \pdfdraftmode enabled, not changing output pdf

PDF statistics:
 796 PDF objects out of 1000 (max. 8388607)
 204 named destinations out of 1000 (max. 500000)
 126 words of extra memory for PDF output out of 10000 (max. 10000000)

