This is pdfTeX, Version 3.141592653-2.6-1.40.27 (TeX Live 2025) (preloaded format=pdflatex 2025.3.8)  1 JUN 2025 17:54
entering extended mode
 restricted \write18 enabled.
 %&-line parsing enabled.
**elsarticle-template-harv.tex
(./elsarticle-template-harv.tex
LaTeX2e <2024-11-01> patch level 2
L3 programming layer <2025-01-18>
(/usr/local/texlive/2025/texmf-dist/tex/latex/elsarticle/elsarticle.cls
Document Class: elsarticle 2025/01/11, 3.4c: Elsevier Ltd
(/usr/local/texlive/2025/texmf-dist/tex/latex/base/fontenc.sty
Package: fontenc 2021/04/29 v2.0v Standard LaTeX package
)
(/usr/local/texlive/2025/texmf-dist/tex/latex/l3kernel/expl3.sty
Package: expl3 2025-01-18 L3 programming layer (loader) 

(/usr/local/texlive/2025/texmf-dist/tex/latex/l3backend/l3backend-pdftex.def
File: l3backend-pdftex.def 2024-05-08 L3 backend support: PDF output (pdfTeX)
\l__color_backend_stack_int=\count196
\l__pdf_internal_box=\box52
))
(/usr/local/texlive/2025/texmf-dist/tex/latex/l3packages/xparse/xparse.sty
Package: xparse 2024-08-16 L3 Experimental document command parser
)
(/usr/local/texlive/2025/texmf-dist/tex/latex/etoolbox/etoolbox.sty
Package: etoolbox 2025/02/11 v2.5l e-TeX tools for LaTeX (JAW)
\etb@tempcnta=\count197
)
\@bls=\dimen141

(/usr/local/texlive/2025/texmf-dist/tex/latex/base/article.cls
Document Class: article 2024/06/29 v1.4n Standard LaTeX document class
(/usr/local/texlive/2025/texmf-dist/tex/latex/base/size10.clo
File: size10.clo 2024/06/29 v1.4n Standard LaTeX file (size option)
)
\c@part=\count198
\c@section=\count199
\c@subsection=\count266
\c@subsubsection=\count267
\c@paragraph=\count268
\c@subparagraph=\count269
\c@figure=\count270
\c@table=\count271
\abovecaptionskip=\skip49
\belowcaptionskip=\skip50
\bibindent=\dimen142
)
(/usr/local/texlive/2025/texmf-dist/tex/latex/graphics/graphicx.sty
Package: graphicx 2021/09/16 v1.2d Enhanced LaTeX Graphics (DPC,SPQR)

(/usr/local/texlive/2025/texmf-dist/tex/latex/graphics/keyval.sty
Package: keyval 2022/05/29 v1.15 key=value parser (DPC)
\KV@toks@=\toks17
)
(/usr/local/texlive/2025/texmf-dist/tex/latex/graphics/graphics.sty
Package: graphics 2024/08/06 v1.4g Standard LaTeX Graphics (DPC,SPQR)

(/usr/local/texlive/2025/texmf-dist/tex/latex/graphics/trig.sty
Package: trig 2023/12/02 v1.11 sin cos tan (DPC)
)
(/usr/local/texlive/2025/texmf-dist/tex/latex/graphics-cfg/graphics.cfg
File: graphics.cfg 2016/06/04 v1.11 sample graphics configuration
)
Package graphics Info: Driver file: pdftex.def on input line 106.

(/usr/local/texlive/2025/texmf-dist/tex/latex/graphics-def/pdftex.def
File: pdftex.def 2024/04/13 v1.2c Graphics/color driver for pdftex
))
\Gin@req@height=\dimen143
\Gin@req@width=\dimen144
)
\c@tnote=\count272
\c@fnote=\count273
\c@cnote=\count274
\c@ead=\count275
\c@elsarticle@author=\count276
\@eadauthor=\toks18
\c@affn=\count277
\absbox=\box53
\elsarticlehighlightsbox=\box54
\elsarticlegrabsbox=\box55
\keybox=\box56
\Columnwidth=\dimen145
\space@left=\dimen146
\els@boxa=\box57
\els@boxb=\box58
\leftMargin=\dimen147
\@enLab=\toks19
\@sep=\skip51
\@@sep=\skip52

(/usr/local/texlive/2025/texmf-dist/tex/latex/natbib/natbib.sty
Package: natbib 2010/09/13 8.31b (PWD, AO)
\bibhang=\skip53
\bibsep=\skip54
LaTeX Info: Redefining \cite on input line 694.
\c@NAT@ctr=\count278
)
\splwrite=\write3
\openout3 = `elsarticle-template-harv.spl'.


(/usr/local/texlive/2025/texmf-dist/tex/latex/geometry/geometry.sty
Package: geometry 2020/01/02 v5.9 Page Geometry

(/usr/local/texlive/2025/texmf-dist/tex/generic/iftex/ifvtex.sty
Package: ifvtex 2019/10/25 v1.7 ifvtex legacy package. Use iftex instead.

(/usr/local/texlive/2025/texmf-dist/tex/generic/iftex/iftex.sty
Package: iftex 2024/12/12 v1.0g TeX engine tests
))
\Gm@cnth=\count279
\Gm@cntv=\count280
\c@Gm@tempcnt=\count281
\Gm@bindingoffset=\dimen148
\Gm@wd@mp=\dimen149
\Gm@odd@mp=\dimen150
\Gm@even@mp=\dimen151
\Gm@layoutwidth=\dimen152
\Gm@layoutheight=\dimen153
\Gm@layouthoffset=\dimen154
\Gm@layoutvoffset=\dimen155
\Gm@dimlist=\toks20
)
\appnamewidth=\dimen156
)
(/usr/local/texlive/2025/texmf-dist/tex/latex/txfonts/txfonts.sty
Package: txfonts 2008/01/22 v3.2.1
LaTeX Font Info:    Redeclaring symbol font `operators' on input line 21.
LaTeX Font Info:    Overwriting symbol font `operators' in version `normal'
(Font)                  OT1/cmr/m/n --> OT1/txr/m/n on input line 21.
LaTeX Font Info:    Overwriting symbol font `operators' in version `bold'
(Font)                  OT1/cmr/bx/n --> OT1/txr/m/n on input line 21.
LaTeX Font Info:    Overwriting symbol font `operators' in version `bold'
(Font)                  OT1/txr/m/n --> OT1/txr/bx/n on input line 22.
\symitalic=\mathgroup4
LaTeX Font Info:    Overwriting symbol font `italic' in version `bold'
(Font)                  OT1/txr/m/it --> OT1/txr/bx/it on input line 26.
LaTeX Font Info:    Redeclaring math alphabet \mathbf on input line 29.
LaTeX Font Info:    Overwriting math alphabet `\mathbf' in version `normal'
(Font)                  OT1/cmr/bx/n --> OT1/txr/bx/n on input line 29.
LaTeX Font Info:    Overwriting math alphabet `\mathbf' in version `bold'
(Font)                  OT1/cmr/bx/n --> OT1/txr/bx/n on input line 29.
LaTeX Font Info:    Redeclaring math alphabet \mathit on input line 30.
LaTeX Font Info:    Overwriting math alphabet `\mathit' in version `normal'
(Font)                  OT1/cmr/m/it --> OT1/txr/m/it on input line 30.
LaTeX Font Info:    Overwriting math alphabet `\mathit' in version `bold'
(Font)                  OT1/cmr/bx/it --> OT1/txr/m/it on input line 30.
LaTeX Font Info:    Overwriting math alphabet `\mathit' in version `bold'
(Font)                  OT1/txr/m/it --> OT1/txr/bx/it on input line 31.
LaTeX Font Info:    Redeclaring math alphabet \mathsf on input line 40.
LaTeX Font Info:    Overwriting math alphabet `\mathsf' in version `normal'
(Font)                  OT1/cmss/m/n --> OT1/txss/m/n on input line 40.
LaTeX Font Info:    Overwriting math alphabet `\mathsf' in version `bold'
(Font)                  OT1/cmss/bx/n --> OT1/txss/m/n on input line 40.
LaTeX Font Info:    Overwriting math alphabet `\mathsf' in version `bold'
(Font)                  OT1/txss/m/n --> OT1/txss/b/n on input line 41.
LaTeX Font Info:    Redeclaring math alphabet \mathtt on input line 50.
LaTeX Font Info:    Overwriting math alphabet `\mathtt' in version `normal'
(Font)                  OT1/cmtt/m/n --> OT1/txtt/m/n on input line 50.
LaTeX Font Info:    Overwriting math alphabet `\mathtt' in version `bold'
(Font)                  OT1/cmtt/m/n --> OT1/txtt/m/n on input line 50.
LaTeX Font Info:    Overwriting math alphabet `\mathtt' in version `bold'
(Font)                  OT1/txtt/m/n --> OT1/txtt/b/n on input line 51.
LaTeX Font Info:    Redeclaring symbol font `letters' on input line 58.
LaTeX Font Info:    Overwriting symbol font `letters' in version `normal'
(Font)                  OML/cmm/m/it --> OML/txmi/m/it on input line 58.
LaTeX Font Info:    Overwriting symbol font `letters' in version `bold'
(Font)                  OML/cmm/b/it --> OML/txmi/m/it on input line 58.
LaTeX Font Info:    Overwriting symbol font `letters' in version `bold'
(Font)                  OML/txmi/m/it --> OML/txmi/bx/it on input line 59.
\symlettersA=\mathgroup5
LaTeX Font Info:    Overwriting symbol font `lettersA' in version `bold'
(Font)                  U/txmia/m/it --> U/txmia/bx/it on input line 67.
LaTeX Font Info:    Redeclaring symbol font `symbols' on input line 77.
LaTeX Font Info:    Overwriting symbol font `symbols' in version `normal'
(Font)                  OMS/cmsy/m/n --> OMS/txsy/m/n on input line 77.
LaTeX Font Info:    Overwriting symbol font `symbols' in version `bold'
(Font)                  OMS/cmsy/b/n --> OMS/txsy/m/n on input line 77.
LaTeX Font Info:    Overwriting symbol font `symbols' in version `bold'
(Font)                  OMS/txsy/m/n --> OMS/txsy/bx/n on input line 78.
\symAMSa=\mathgroup6
LaTeX Font Info:    Overwriting symbol font `AMSa' in version `bold'
(Font)                  U/txsya/m/n --> U/txsya/bx/n on input line 94.
\symAMSb=\mathgroup7
LaTeX Font Info:    Overwriting symbol font `AMSb' in version `bold'
(Font)                  U/txsyb/m/n --> U/txsyb/bx/n on input line 103.
\symsymbolsC=\mathgroup8
LaTeX Font Info:    Overwriting symbol font `symbolsC' in version `bold'
(Font)                  U/txsyc/m/n --> U/txsyc/bx/n on input line 113.
LaTeX Font Info:    Redeclaring symbol font `largesymbols' on input line 120.
LaTeX Font Info:    Overwriting symbol font `largesymbols' in version `normal'
(Font)                  OMX/cmex/m/n --> OMX/txex/m/n on input line 120.
LaTeX Font Info:    Overwriting symbol font `largesymbols' in version `bold'
(Font)                  OMX/cmex/m/n --> OMX/txex/m/n on input line 120.
LaTeX Font Info:    Overwriting symbol font `largesymbols' in version `bold'
(Font)                  OMX/txex/m/n --> OMX/txex/bx/n on input line 121.
\symlargesymbolsA=\mathgroup9
LaTeX Font Info:    Overwriting symbol font `largesymbolsA' in version `bold'
(Font)                  U/txexa/m/n --> U/txexa/bx/n on input line 129.
LaTeX Font Info:    Redeclaring math symbol \mathsterling on input line 164.
LaTeX Font Info:    Redeclaring math symbol \hbar on input line 591.
LaTeX Info: Redefining \not on input line 1043.
)
(/usr/local/texlive/2025/texmf-dist/tex/latex/amsfonts/amssymb.sty
Package: amssymb 2013/01/14 v3.01 AMS font symbols

(/usr/local/texlive/2025/texmf-dist/tex/latex/amsfonts/amsfonts.sty
Package: amsfonts 2013/01/14 v3.01 Basic AMSFonts support
\@emptytoks=\toks21
LaTeX Font Info:    Redeclaring symbol font `AMSa' on input line 59.
LaTeX Font Info:    Overwriting symbol font `AMSa' in version `normal'
(Font)                  U/txsya/m/n --> U/msa/m/n on input line 59.
LaTeX Font Info:    Overwriting symbol font `AMSa' in version `bold'
(Font)                  U/txsya/bx/n --> U/msa/m/n on input line 59.
LaTeX Font Info:    Redeclaring symbol font `AMSb' on input line 60.
LaTeX Font Info:    Overwriting symbol font `AMSb' in version `normal'
(Font)                  U/txsyb/m/n --> U/msb/m/n on input line 60.
LaTeX Font Info:    Overwriting symbol font `AMSb' in version `bold'
(Font)                  U/txsyb/bx/n --> U/msb/m/n on input line 60.
LaTeX Font Info:    Redeclaring math delimiter \ulcorner on input line 74.
LaTeX Font Info:    Redeclaring math delimiter \urcorner on input line 75.
LaTeX Font Info:    Redeclaring math delimiter \llcorner on input line 76.
LaTeX Font Info:    Redeclaring math delimiter \lrcorner on input line 77.
LaTeX Font Info:    Redeclaring math symbol \square on input line 141.
LaTeX Font Info:    Redeclaring math symbol \lozenge on input line 142.
)
LaTeX Font Info:    Redeclaring math symbol \boxdot on input line 44.
LaTeX Font Info:    Redeclaring math symbol \boxplus on input line 45.
LaTeX Font Info:    Redeclaring math symbol \boxtimes on input line 46.
LaTeX Font Info:    Redeclaring math symbol \blacksquare on input line 48.
LaTeX Font Info:    Redeclaring math symbol \centerdot on input line 49.
LaTeX Font Info:    Redeclaring math symbol \blacklozenge on input line 51.
LaTeX Font Info:    Redeclaring math symbol \circlearrowright on input line 52.

LaTeX Font Info:    Redeclaring math symbol \circlearrowleft on input line 53.
LaTeX Font Info:    Redeclaring math symbol \leftrightharpoons on input line 56
.
LaTeX Font Info:    Redeclaring math symbol \boxminus on input line 57.
LaTeX Font Info:    Redeclaring math symbol \Vdash on input line 58.
LaTeX Font Info:    Redeclaring math symbol \Vvdash on input line 59.
LaTeX Font Info:    Redeclaring math symbol \vDash on input line 60.
LaTeX Font Info:    Redeclaring math symbol \twoheadrightarrow on input line 61
.
LaTeX Font Info:    Redeclaring math symbol \twoheadleftarrow on input line 62.

LaTeX Font Info:    Redeclaring math symbol \leftleftarrows on input line 63.
LaTeX Font Info:    Redeclaring math symbol \rightrightarrows on input line 64.

LaTeX Font Info:    Redeclaring math symbol \upuparrows on input line 65.
LaTeX Font Info:    Redeclaring math symbol \downdownarrows on input line 66.
LaTeX Font Info:    Redeclaring math symbol \upharpoonright on input line 67.
LaTeX Font Info:    Redeclaring math symbol \downharpoonright on input line 69.

LaTeX Font Info:    Redeclaring math symbol \upharpoonleft on input line 70.
LaTeX Font Info:    Redeclaring math symbol \downharpoonleft on input line 71.
LaTeX Font Info:    Redeclaring math symbol \rightarrowtail on input line 72.
LaTeX Font Info:    Redeclaring math symbol \leftarrowtail on input line 73.
LaTeX Font Info:    Redeclaring math symbol \leftrightarrows on input line 74.
LaTeX Font Info:    Redeclaring math symbol \rightleftarrows on input line 75.
LaTeX Font Info:    Redeclaring math symbol \Lsh on input line 76.
LaTeX Font Info:    Redeclaring math symbol \Rsh on input line 77.
LaTeX Font Info:    Redeclaring math symbol \leftrightsquigarrow on input line 
79.
LaTeX Font Info:    Redeclaring math symbol \looparrowleft on input line 80.
LaTeX Font Info:    Redeclaring math symbol \looparrowright on input line 81.
LaTeX Font Info:    Redeclaring math symbol \circeq on input line 82.
LaTeX Font Info:    Redeclaring math symbol \succsim on input line 83.
LaTeX Font Info:    Redeclaring math symbol \gtrsim on input line 84.
LaTeX Font Info:    Redeclaring math symbol \gtrapprox on input line 85.
LaTeX Font Info:    Redeclaring math symbol \multimap on input line 86.
LaTeX Font Info:    Redeclaring math symbol \therefore on input line 87.
LaTeX Font Info:    Redeclaring math symbol \because on input line 88.
LaTeX Font Info:    Redeclaring math symbol \doteqdot on input line 89.
LaTeX Font Info:    Redeclaring math symbol \triangleq on input line 91.
LaTeX Font Info:    Redeclaring math symbol \precsim on input line 92.
LaTeX Font Info:    Redeclaring math symbol \lesssim on input line 93.
LaTeX Font Info:    Redeclaring math symbol \lessapprox on input line 94.
LaTeX Font Info:    Redeclaring math symbol \eqslantless on input line 95.
LaTeX Font Info:    Redeclaring math symbol \eqslantgtr on input line 96.
LaTeX Font Info:    Redeclaring math symbol \curlyeqprec on input line 97.
LaTeX Font Info:    Redeclaring math symbol \curlyeqsucc on input line 98.
LaTeX Font Info:    Redeclaring math symbol \preccurlyeq on input line 99.
LaTeX Font Info:    Redeclaring math symbol \leqq on input line 100.
LaTeX Font Info:    Redeclaring math symbol \leqslant on input line 101.
LaTeX Font Info:    Redeclaring math symbol \lessgtr on input line 102.
LaTeX Font Info:    Redeclaring math symbol \backprime on input line 103.
LaTeX Font Info:    Redeclaring math symbol \risingdotseq on input line 104.
LaTeX Font Info:    Redeclaring math symbol \fallingdotseq on input line 105.
LaTeX Font Info:    Redeclaring math symbol \succcurlyeq on input line 106.
LaTeX Font Info:    Redeclaring math symbol \geqq on input line 107.
LaTeX Font Info:    Redeclaring math symbol \geqslant on input line 108.
LaTeX Font Info:    Redeclaring math symbol \gtrless on input line 109.
LaTeX Font Info:    Redeclaring math symbol \bigstar on input line 117.
LaTeX Font Info:    Redeclaring math symbol \between on input line 118.
LaTeX Font Info:    Redeclaring math symbol \blacktriangledown on input line 11
9.
LaTeX Font Info:    Redeclaring math symbol \blacktriangleright on input line 1
20.
LaTeX Font Info:    Redeclaring math symbol \blacktriangleleft on input line 12
1.
LaTeX Font Info:    Redeclaring math symbol \vartriangle on input line 122.
LaTeX Font Info:    Redeclaring math symbol \blacktriangle on input line 123.
LaTeX Font Info:    Redeclaring math symbol \triangledown on input line 124.
LaTeX Font Info:    Redeclaring math symbol \eqcirc on input line 125.
LaTeX Font Info:    Redeclaring math symbol \lesseqgtr on input line 126.
LaTeX Font Info:    Redeclaring math symbol \gtreqless on input line 127.
LaTeX Font Info:    Redeclaring math symbol \lesseqqgtr on input line 128.
LaTeX Font Info:    Redeclaring math symbol \gtreqqless on input line 129.
LaTeX Font Info:    Redeclaring math symbol \Rrightarrow on input line 130.
LaTeX Font Info:    Redeclaring math symbol \Lleftarrow on input line 131.
LaTeX Font Info:    Redeclaring math symbol \veebar on input line 132.
LaTeX Font Info:    Redeclaring math symbol \barwedge on input line 133.
LaTeX Font Info:    Redeclaring math symbol \doublebarwedge on input line 134.
LaTeX Font Info:    Redeclaring math symbol \measuredangle on input line 137.
LaTeX Font Info:    Redeclaring math symbol \sphericalangle on input line 138.
LaTeX Font Info:    Redeclaring math symbol \varpropto on input line 139.
LaTeX Font Info:    Redeclaring math symbol \smallsmile on input line 140.
LaTeX Font Info:    Redeclaring math symbol \smallfrown on input line 141.
LaTeX Font Info:    Redeclaring math symbol \Subset on input line 142.
LaTeX Font Info:    Redeclaring math symbol \Supset on input line 143.
LaTeX Font Info:    Redeclaring math symbol \Cup on input line 144.
LaTeX Font Info:    Redeclaring math symbol \Cap on input line 146.
LaTeX Font Info:    Redeclaring math symbol \curlywedge on input line 148.
LaTeX Font Info:    Redeclaring math symbol \curlyvee on input line 149.
LaTeX Font Info:    Redeclaring math symbol \leftthreetimes on input line 150.
LaTeX Font Info:    Redeclaring math symbol \rightthreetimes on input line 151.

LaTeX Font Info:    Redeclaring math symbol \subseteqq on input line 152.
LaTeX Font Info:    Redeclaring math symbol \supseteqq on input line 153.
LaTeX Font Info:    Redeclaring math symbol \bumpeq on input line 154.
LaTeX Font Info:    Redeclaring math symbol \Bumpeq on input line 155.
LaTeX Font Info:    Redeclaring math symbol \lll on input line 156.
LaTeX Font Info:    Redeclaring math symbol \ggg on input line 158.
LaTeX Font Info:    Redeclaring math symbol \circledS on input line 160.
LaTeX Font Info:    Redeclaring math symbol \pitchfork on input line 161.
LaTeX Font Info:    Redeclaring math symbol \dotplus on input line 162.
LaTeX Font Info:    Redeclaring math symbol \backsim on input line 163.
LaTeX Font Info:    Redeclaring math symbol \backsimeq on input line 164.
LaTeX Font Info:    Redeclaring math symbol \complement on input line 165.
LaTeX Font Info:    Redeclaring math symbol \intercal on input line 166.
LaTeX Font Info:    Redeclaring math symbol \circledcirc on input line 167.
LaTeX Font Info:    Redeclaring math symbol \circledast on input line 168.
LaTeX Font Info:    Redeclaring math symbol \circleddash on input line 169.
LaTeX Font Info:    Redeclaring math symbol \lvertneqq on input line 171.
LaTeX Font Info:    Redeclaring math symbol \gvertneqq on input line 172.
LaTeX Font Info:    Redeclaring math symbol \nleq on input line 173.
LaTeX Font Info:    Redeclaring math symbol \ngeq on input line 174.
LaTeX Font Info:    Redeclaring math symbol \nless on input line 175.
LaTeX Font Info:    Redeclaring math symbol \ngtr on input line 176.
LaTeX Font Info:    Redeclaring math symbol \nprec on input line 177.
LaTeX Font Info:    Redeclaring math symbol \nsucc on input line 178.
LaTeX Font Info:    Redeclaring math symbol \lneqq on input line 179.
LaTeX Font Info:    Redeclaring math symbol \gneqq on input line 180.
LaTeX Font Info:    Redeclaring math symbol \nleqslant on input line 181.
LaTeX Font Info:    Redeclaring math symbol \ngeqslant on input line 182.
LaTeX Font Info:    Redeclaring math symbol \lneq on input line 183.
LaTeX Font Info:    Redeclaring math symbol \gneq on input line 184.
LaTeX Font Info:    Redeclaring math symbol \npreceq on input line 185.
LaTeX Font Info:    Redeclaring math symbol \nsucceq on input line 186.
LaTeX Font Info:    Redeclaring math symbol \precnsim on input line 187.
LaTeX Font Info:    Redeclaring math symbol \succnsim on input line 188.
LaTeX Font Info:    Redeclaring math symbol \lnsim on input line 189.
LaTeX Font Info:    Redeclaring math symbol \gnsim on input line 190.
LaTeX Font Info:    Redeclaring math symbol \nleqq on input line 191.
LaTeX Font Info:    Redeclaring math symbol \ngeqq on input line 192.
LaTeX Font Info:    Redeclaring math symbol \precneqq on input line 193.
LaTeX Font Info:    Redeclaring math symbol \succneqq on input line 194.
LaTeX Font Info:    Redeclaring math symbol \precnapprox on input line 195.
LaTeX Font Info:    Redeclaring math symbol \succnapprox on input line 196.
LaTeX Font Info:    Redeclaring math symbol \lnapprox on input line 197.
LaTeX Font Info:    Redeclaring math symbol \gnapprox on input line 198.
LaTeX Font Info:    Redeclaring math symbol \nsim on input line 199.
LaTeX Font Info:    Redeclaring math symbol \ncong on input line 200.
LaTeX Font Info:    Redeclaring math symbol \diagup on input line 201.
LaTeX Font Info:    Redeclaring math symbol \diagdown on input line 202.
LaTeX Font Info:    Redeclaring math symbol \varsubsetneq on input line 203.
LaTeX Font Info:    Redeclaring math symbol \varsupsetneq on input line 204.
LaTeX Font Info:    Redeclaring math symbol \nsubseteqq on input line 205.
LaTeX Font Info:    Redeclaring math symbol \nsupseteqq on input line 206.
LaTeX Font Info:    Redeclaring math symbol \subsetneqq on input line 207.
LaTeX Font Info:    Redeclaring math symbol \supsetneqq on input line 208.
LaTeX Font Info:    Redeclaring math symbol \varsubsetneqq on input line 209.
LaTeX Font Info:    Redeclaring math symbol \varsupsetneqq on input line 210.
LaTeX Font Info:    Redeclaring math symbol \subsetneq on input line 211.
LaTeX Font Info:    Redeclaring math symbol \supsetneq on input line 212.
LaTeX Font Info:    Redeclaring math symbol \nsubseteq on input line 213.
LaTeX Font Info:    Redeclaring math symbol \nsupseteq on input line 214.
LaTeX Font Info:    Redeclaring math symbol \nparallel on input line 215.
LaTeX Font Info:    Redeclaring math symbol \nmid on input line 216.
LaTeX Font Info:    Redeclaring math symbol \nshortmid on input line 217.
LaTeX Font Info:    Redeclaring math symbol \nshortparallel on input line 218.
LaTeX Font Info:    Redeclaring math symbol \nvdash on input line 219.
LaTeX Font Info:    Redeclaring math symbol \nVdash on input line 220.
LaTeX Font Info:    Redeclaring math symbol \nvDash on input line 221.
LaTeX Font Info:    Redeclaring math symbol \nVDash on input line 222.
LaTeX Font Info:    Redeclaring math symbol \ntrianglerighteq on input line 223
.
LaTeX Font Info:    Redeclaring math symbol \ntrianglelefteq on input line 224.

LaTeX Font Info:    Redeclaring math symbol \ntriangleleft on input line 225.
LaTeX Font Info:    Redeclaring math symbol \ntriangleright on input line 226.
LaTeX Font Info:    Redeclaring math symbol \nleftarrow on input line 227.
LaTeX Font Info:    Redeclaring math symbol \nrightarrow on input line 228.
LaTeX Font Info:    Redeclaring math symbol \nLeftarrow on input line 229.
LaTeX Font Info:    Redeclaring math symbol \nRightarrow on input line 230.
LaTeX Font Info:    Redeclaring math symbol \nLeftrightarrow on input line 231.

LaTeX Font Info:    Redeclaring math symbol \nleftrightarrow on input line 232.

LaTeX Font Info:    Redeclaring math symbol \divideontimes on input line 233.
LaTeX Font Info:    Redeclaring math symbol \varnothing on input line 234.
LaTeX Font Info:    Redeclaring math symbol \nexists on input line 235.
LaTeX Font Info:    Redeclaring math symbol \Finv on input line 236.
LaTeX Font Info:    Redeclaring math symbol \Game on input line 237.
LaTeX Font Info:    Redeclaring math symbol \eth on input line 240.
LaTeX Font Info:    Redeclaring math symbol \eqsim on input line 241.
LaTeX Font Info:    Redeclaring math symbol \beth on input line 242.
LaTeX Font Info:    Redeclaring math symbol \gimel on input line 243.
LaTeX Font Info:    Redeclaring math symbol \daleth on input line 244.
LaTeX Font Info:    Redeclaring math symbol \lessdot on input line 245.
LaTeX Font Info:    Redeclaring math symbol \gtrdot on input line 246.
LaTeX Font Info:    Redeclaring math symbol \ltimes on input line 247.
LaTeX Font Info:    Redeclaring math symbol \rtimes on input line 248.
LaTeX Font Info:    Redeclaring math symbol \shortmid on input line 249.
LaTeX Font Info:    Redeclaring math symbol \shortparallel on input line 250.
LaTeX Font Info:    Redeclaring math symbol \smallsetminus on input line 251.
LaTeX Font Info:    Redeclaring math symbol \thicksim on input line 252.
LaTeX Font Info:    Redeclaring math symbol \thickapprox on input line 253.
LaTeX Font Info:    Redeclaring math symbol \approxeq on input line 254.
LaTeX Font Info:    Redeclaring math symbol \succapprox on input line 255.
LaTeX Font Info:    Redeclaring math symbol \precapprox on input line 256.
LaTeX Font Info:    Redeclaring math symbol \curvearrowleft on input line 257.
LaTeX Font Info:    Redeclaring math symbol \curvearrowright on input line 258.

LaTeX Font Info:    Redeclaring math symbol \digamma on input line 259.
LaTeX Font Info:    Redeclaring math symbol \varkappa on input line 260.
LaTeX Font Info:    Redeclaring math symbol \Bbbk on input line 261.
LaTeX Font Info:    Redeclaring math symbol \hslash on input line 262.
LaTeX Font Info:    Redeclaring math symbol \backepsilon on input line 265.
)
(/usr/local/texlive/2025/texmf-dist/tex/latex/amsmath/amsmath.sty
Package: amsmath 2024/11/05 v2.17t AMS math features
\@mathmargin=\skip55

For additional information on amsmath, use the `?' option.
(/usr/local/texlive/2025/texmf-dist/tex/latex/amsmath/amstext.sty
Package: amstext 2021/08/26 v2.01 AMS text

(/usr/local/texlive/2025/texmf-dist/tex/latex/amsmath/amsgen.sty
File: amsgen.sty 1999/11/30 v2.0 generic functions
\@emptytoks=\toks22
\ex@=\dimen157
))
(/usr/local/texlive/2025/texmf-dist/tex/latex/amsmath/amsbsy.sty
Package: amsbsy 1999/11/29 v1.2d Bold Symbols
\pmbraise@=\dimen158
)
(/usr/local/texlive/2025/texmf-dist/tex/latex/amsmath/amsopn.sty
Package: amsopn 2022/04/08 v2.04 operator names
)
\inf@bad=\count282
LaTeX Info: Redefining \frac on input line 233.
\uproot@=\count283
\leftroot@=\count284
LaTeX Info: Redefining \overline on input line 398.
LaTeX Info: Redefining \colon on input line 409.
\classnum@=\count285
\DOTSCASE@=\count286
LaTeX Info: Redefining \ldots on input line 495.
LaTeX Info: Redefining \dots on input line 498.
LaTeX Info: Redefining \cdots on input line 619.
\Mathstrutbox@=\box59
\strutbox@=\box60
LaTeX Info: Redefining \big on input line 721.
LaTeX Info: Redefining \Big on input line 722.
LaTeX Info: Redefining \bigg on input line 723.
LaTeX Info: Redefining \Bigg on input line 724.
\big@size=\dimen159
LaTeX Font Info:    Redeclaring font encoding OML on input line 742.
LaTeX Font Info:    Redeclaring font encoding OMS on input line 743.
\macc@depth=\count287
LaTeX Info: Redefining \bmod on input line 904.
LaTeX Info: Redefining \pmod on input line 909.
LaTeX Info: Redefining \smash on input line 939.
LaTeX Info: Redefining \relbar on input line 969.
LaTeX Info: Redefining \Relbar on input line 970.
\c@MaxMatrixCols=\count288
\dotsspace@=\muskip17
\c@parentequation=\count289
\dspbrk@lvl=\count290
\tag@help=\toks23
\row@=\count291
\column@=\count292
\maxfields@=\count293
\andhelp@=\toks24
\eqnshift@=\dimen160
\alignsep@=\dimen161
\tagshift@=\dimen162
\tagwidth@=\dimen163
\totwidth@=\dimen164
\lineht@=\dimen165
\@envbody=\toks25
\multlinegap=\skip56
\multlinetaggap=\skip57
\mathdisplay@stack=\toks26
LaTeX Info: Redefining \[ on input line 2953.
LaTeX Info: Redefining \] on input line 2954.
)
LaTeX Font Info:    Trying to load font information for T1+txr on input line 55
.

(/usr/local/texlive/2025/texmf-dist/tex/latex/txfonts/t1txr.fd
File: t1txr.fd 2000/12/15 v3.1
)
No file elsarticle-template-harv.aux.
\openout1 = `elsarticle-template-harv.aux'.

LaTeX Font Info:    Checking defaults for OML/txmi/m/it on input line 55.
LaTeX Font Info:    Trying to load font information for OML+txmi on input line 
55.
(/usr/local/texlive/2025/texmf-dist/tex/latex/txfonts/omltxmi.fd
File: omltxmi.fd 2000/12/15 v3.1
)
LaTeX Font Info:    ... okay on input line 55.
LaTeX Font Info:    Checking defaults for OMS/txsy/m/n on input line 55.
LaTeX Font Info:    Trying to load font information for OMS+txsy on input line 
55.

(/usr/local/texlive/2025/texmf-dist/tex/latex/txfonts/omstxsy.fd
File: omstxsy.fd 2000/12/15 v3.1
)
LaTeX Font Info:    ... okay on input line 55.
LaTeX Font Info:    Checking defaults for OT1/cmr/m/n on input line 55.
LaTeX Font Info:    ... okay on input line 55.
LaTeX Font Info:    Checking defaults for T1/cmr/m/n on input line 55.
LaTeX Font Info:    ... okay on input line 55.
LaTeX Font Info:    Checking defaults for TS1/cmr/m/n on input line 55.
LaTeX Font Info:    ... okay on input line 55.
LaTeX Font Info:    Checking defaults for OMX/txex/m/n on input line 55.
LaTeX Font Info:    Trying to load font information for OMX+txex on input line 
55.

(/usr/local/texlive/2025/texmf-dist/tex/latex/txfonts/omxtxex.fd
File: omxtxex.fd 2000/12/15 v3.1
)
LaTeX Font Info:    ... okay on input line 55.
LaTeX Font Info:    Checking defaults for U/txexa/m/n on input line 55.
LaTeX Font Info:    Trying to load font information for U+txexa on input line 5
5.

(/usr/local/texlive/2025/texmf-dist/tex/latex/txfonts/utxexa.fd
File: utxexa.fd 2000/12/15 v3.1
)
LaTeX Font Info:    ... okay on input line 55.

(/usr/local/texlive/2025/texmf-dist/tex/context/base/mkii/supp-pdf.mkii
[Loading MPS to PDF converter (version 2006.09.02).]
\scratchcounter=\count294
\scratchdimen=\dimen166
\scratchbox=\box61
\nofMPsegments=\count295
\nofMParguments=\count296
\everyMPshowfont=\toks27
\MPscratchCnt=\count297
\MPscratchDim=\dimen167
\MPnumerator=\count298
\makeMPintoPDFobject=\count299
\everyMPtoPDFconversion=\toks28
) (/usr/local/texlive/2025/texmf-dist/tex/latex/epstopdf-pkg/epstopdf-base.sty
Package: epstopdf-base 2020-01-24 v2.11 Base part for package epstopdf

(/usr/local/texlive/2025/texmf-dist/tex/generic/infwarerr/infwarerr.sty
Package: infwarerr 2019/12/03 v1.5 Providing info/warning/error messages (HO)
)
(/usr/local/texlive/2025/texmf-dist/tex/latex/grfext/grfext.sty
Package: grfext 2019/12/03 v1.3 Manage graphics extensions (HO)

(/usr/local/texlive/2025/texmf-dist/tex/generic/kvdefinekeys/kvdefinekeys.sty
Package: kvdefinekeys 2019-12-19 v1.6 Define keys (HO)
)) (/usr/local/texlive/2025/texmf-dist/tex/latex/kvoptions/kvoptions.sty
Package: kvoptions 2022-06-15 v3.15 Key value format for package options (HO)

(/usr/local/texlive/2025/texmf-dist/tex/generic/ltxcmds/ltxcmds.sty
Package: ltxcmds 2023-12-04 v1.26 LaTeX kernel commands for general use (HO)
)
(/usr/local/texlive/2025/texmf-dist/tex/latex/kvsetkeys/kvsetkeys.sty
Package: kvsetkeys 2022-10-05 v1.19 Key value parser (HO)
))
(/usr/local/texlive/2025/texmf-dist/tex/generic/pdftexcmds/pdftexcmds.sty
Package: pdftexcmds 2020-06-27 v0.33 Utility functions of pdfTeX for LuaTeX (HO
)
Package pdftexcmds Info: \pdf@primitive is available.
Package pdftexcmds Info: \pdf@ifprimitive is available.
Package pdftexcmds Info: \pdfdraftmode found.
)
Package epstopdf-base Info: Redefining graphics rule for `.eps' on input line 4
85.
Package grfext Info: Graphics extension search list:
(grfext)             [.pdf,.png,.jpg,.mps,.jpeg,.jbig2,.jb2,.PDF,.PNG,.JPG,.JPE
G,.JBIG2,.JB2,.eps]
(grfext)             \AppendGraphicsExtensions on input line 504.

(/usr/local/texlive/2025/texmf-dist/tex/latex/latexconfig/epstopdf-sys.cfg
File: epstopdf-sys.cfg 2010/07/13 v1.3 Configuration of (r)epstopdf for TeX Liv
e
))
*geometry* driver: auto-detecting
*geometry* detected driver: pdftex
*geometry* verbose mode - [ preamble ] result:
* driver: pdftex
* paper: custom
* layout: <same size as paper>
* layoutoffset:(h,v)=(0.0pt,0.0pt)
* hratio: 1:1
* vratio: 1:1
* modes: 
* h-part:(L,W,R)=(106.75394pt, 384.0pt, 106.75394pt)
* v-part:(T,H,B)=(141.52342pt, 562.0pt, 141.52342pt)
* \paperwidth=597.50787pt
* \paperheight=845.04684pt
* \textwidth=384.0pt
* \textheight=562.0pt
* \oddsidemargin=34.48395pt
* \evensidemargin=34.48395pt
* \topmargin=7.25343pt
* \headheight=50.0pt
* \headsep=12.0pt
* \topskip=10.0pt
* \footskip=12.0pt
* \marginparwidth=65.0pt
* \marginparsep=11.0pt
* \columnsep=10.0pt
* \skip\footins=24.0pt plus 2.0pt minus 12.0pt
* \hoffset=0.0pt
* \voffset=0.0pt
* \mag=1000
* \@twocolumnfalse
* \@twosidefalse
* \@mparswitchfalse
* \@reversemarginfalse
* (1in=72.27pt=25.4mm, 1cm=28.453pt)

LaTeX Font Info:    Font shape `T1/txr/b/n' in size <10> not available
(Font)              Font shape `T1/txr/bx/n' tried instead on input line 112.
LaTeX Font Info:    Trying to load font information for OT1+txr on input line 1
26.
(/usr/local/texlive/2025/texmf-dist/tex/latex/txfonts/ot1txr.fd
File: ot1txr.fd 2000/12/15 v3.1
)
LaTeX Font Info:    Trying to load font information for U+txmia on input line 1
26.

(/usr/local/texlive/2025/texmf-dist/tex/latex/txfonts/utxmia.fd
File: utxmia.fd 2000/12/15 v3.1
)
LaTeX Font Info:    Trying to load font information for U+msa on input line 126
.

(/usr/local/texlive/2025/texmf-dist/tex/latex/amsfonts/umsa.fd
File: umsa.fd 2013/01/14 v3.01 AMS symbols A
)
LaTeX Font Info:    Trying to load font information for U+msb on input line 126
.

(/usr/local/texlive/2025/texmf-dist/tex/latex/amsfonts/umsb.fd
File: umsb.fd 2013/01/14 v3.01 AMS symbols B
)
LaTeX Font Info:    Trying to load font information for U+txsyc on input line 1
26.

(/usr/local/texlive/2025/texmf-dist/tex/latex/txfonts/utxsyc.fd
File: utxsyc.fd 2000/12/15 v3.1
)

Package natbib Warning: Citation `Vaswani2017' on page 1 undefined on input lin
e 133.


Package natbib Warning: Citation `Bubeck2023' on page 1 undefined on input line
 133.


Package natbib Warning: Citation `Wei2023' on page 1 undefined on input line 13
3.


Package natbib Warning: Citation `Wei2022' on page 1 undefined on input line 13
3.


Package natbib Warning: Citation `Yuan2023' on page 1 undefined on input line 1
35.


Package natbib Warning: Citation `Vaswani2017' on page 1 undefined on input lin
e 137.


Package natbib Warning: Citation `Karpathy2022' on page 1 undefined on input li
ne 137.



[1

{/usr/local/texlive/2025/texmf-var/fonts/map/pdftex/updmap/pdftex.map}{/usr/loc
al/texlive/2025/texmf-dist/fonts/enc/dvips/base/8r.enc}]

LaTeX Warning: Reference `sec:RelatedWorks' on page 2 undefined on input line 1
39.


LaTeX Warning: Reference `table:InvestigationSteps' on page 2 undefined on inpu
t line 139.


LaTeX Warning: Reference `sec:RelatedWorks' on page 2 undefined on input line 1
41.


LaTeX Warning: Reference `sec:ExperimentDesign' on page 2 undefined on input li
ne 141.


LaTeX Warning: Reference `sec:Results' on page 2 undefined on input line 141.


LaTeX Warning: Reference `sec:AblationStudy' on page 2 undefined on input line 
141.


LaTeX Warning: Reference `sec:Conclusions' on page 2 undefined on input line 14
1.


Underfull \hbox (badness 10000) in paragraph at lines 151--151
[]\T1/txr/m/n/10 Demonstrating these arith-metic
 []


Underfull \hbox (badness 2205) in paragraph at lines 151--151
\T1/txr/m/n/10 prob-lems can be solved with a
 []


LaTeX Warning: Reference `subsec:LearningAdditionAndMultiplication' on page 2 u
ndefined on input line 151.


Underfull \hbox (badness 1142) in paragraph at lines 153--153
[]\T1/txr/m/n/10 Manipulating train-ing set by ex-
 []


Underfull \hbox (badness 10000) in paragraph at lines 153--153
[]\T1/txr/m/n/10 Evaluating in-ter-po-la-
 []


Underfull \hbox (badness 10000) in paragraph at lines 153--153
\T1/txr/m/n/10 tion/extrapolation ca-pa-bil-i-ties
 []


LaTeX Warning: Reference `subsec:InterpolationVsExtrapolation' on page 2 undefi
ned on input line 153.


LaTeX Warning: Reference `subsec:LookingAtInternalRepresentations' on page 2 un
defined on input line 155.


LaTeX Warning: Reference `sec:AppendixD' on page 2 undefined on input line 157.



Package natbib Warning: Citation `Yuan2023' on page 2 undefined on input line 1
67.



[2]

Package natbib Warning: Citation `Liu2023' on page 3 undefined on input line 16
9.


Package natbib Warning: Citation `Wei2023' on page 3 undefined on input line 16
9.


Package natbib Warning: Citation `Nogueira2021' on page 3 undefined on input li
ne 171.


Package natbib Warning: Citation `Muffo2023' on page 3 undefined on input line 
173.


Package natbib Warning: Citation `Lee2023' on page 3 undefined on input line 17
5.


Package natbib Warning: Citation `Lee2023' on page 3 undefined on input line 17
5.


LaTeX Warning: Reference `table:InvestigationSteps' on page 3 undefined on inpu
t line 177.


Package natbib Warning: Citation `Rauker2023' on page 3 undefined on input line
 181.


Package natbib Warning: Citation `Belinkov2022' on page 3 undefined on input li
ne 183.


Package natbib Warning: Citation `Hewitt2019' on page 3 undefined on input line
 183.


Package natbib Warning: Citation `White2021' on page 3 undefined on input line 
183.


Package natbib Warning: Citation `Elazar2021' on page 3 undefined on input line
 183.


Package natbib Warning: Citation `Elazar2021' on page 3 undefined on input line
 183.


Package natbib Warning: Citation `Lasri2022' on page 3 undefined on input line 
183.


Package natbib Warning: Citation `Elhage2021' on page 3 undefined on input line
 183.


Package natbib Warning: Citation `Geiger2021' on page 3 undefined on input line
 183.



[3]

Package natbib Warning: Citation `Stolfo2023' on page 4 undefined on input line
 189.


Package natbib Warning: Citation `Nanda2023' on page 4 undefined on input line 
191.


LaTeX Warning: Reference `sec:Conclusions' on page 4 undefined on input line 19
3.

LaTeX Font Info:    Trying to load font information for TS1+txr on input line 2
07.
(/usr/local/texlive/2025/texmf-dist/tex/latex/txfonts/ts1txr.fd
File: ts1txr.fd 2000/12/15 v3.1
)

[4]

LaTeX Warning: Reference `sec:AppendixC' on page 5 undefined on input line 220.



LaTeX Warning: Reference `sec:AppendixA' on page 5 undefined on input line 231.



Package natbib Warning: Citation `Vaswani2017' on page 5 undefined on input lin
e 235.


LaTeX Warning: Reference `table:LMDetails' on page 5 undefined on input line 23
5.


LaTeX Warning: `!h' float specifier changed to `!ht'.


Package natbib Warning: Citation `Karpathy2022' on page 5 undefined on input li
ne 275.


LaTeX Warning: Reference `sec:AppendixE' on page 5 undefined on input line 275.



LaTeX Warning: Reference `figure:AddMulSeqAccuracies' on page 5 undefined on in
put line 283.


Package natbib Warning: Citation `Nanda2023' on page 5 undefined on input line 
283.


LaTeX Warning: Reference `figure:NanoGPTAddMulSeqAccuracies' on page 5 undefine
d on input line 283.


LaTeX Warning: Reference `sec:AppendixE' on page 5 undefined on input line 283.




[5]

Package natbib Warning: Citation `Nogueira2021' on page 6 undefined on input li
ne 285.


Package natbib Warning: Citation `Lee2023' on page 6 undefined on input line 28
5.


Package natbib Warning: Citation `Muffo2023' on page 6 undefined on input line 
285.


Package natbib Warning: Citation `Lee2023' on page 6 undefined on input line 28
5.


Package natbib Warning: Citation `Liu2023' on page 6 undefined on input line 28
5.


Package natbib Warning: Citation `Kaplan2020' on page 6 undefined on input line
 287.


LaTeX Warning: Reference `table:LMDetails' on page 6 undefined on input line 28
7.


LaTeX Warning: Reference `subsec:TheArchitecture' on page 6 undefined on input 
line 287.


LaTeX Warning: Reference `subsec:TheTasks' on page 6 undefined on input line 28
7.



[6]
<AdditionSeqAccuracies.png, id=27, 181.1568pt x 108.6459pt>
File: AdditionSeqAccuracies.png Graphic file (type png)
<use AdditionSeqAccuracies.png>
Package pdftex.def Info: AdditionSeqAccuracies.png  used on input line 291.
(pdftex.def)             Requested size: 190.2147pt x 114.07822pt.
<MultiplicationSeqAccuracies.png, id=29, 181.1568pt x 108.6459pt>
File: MultiplicationSeqAccuracies.png Graphic file (type png)
<use MultiplicationSeqAccuracies.png>
Package pdftex.def Info: MultiplicationSeqAccuracies.png  used on input line 29
2.
(pdftex.def)             Requested size: 190.2147pt x 114.07822pt.


LaTeX Warning: Reference `figure:RandSeqAccuracies' on page 7 undefined on inpu
t line 300.

<RandomSeqAccuracies.png, id=30, 181.1568pt x 108.6459pt>
File: RandomSeqAccuracies.png Graphic file (type png)
<use RandomSeqAccuracies.png>
Package pdftex.def Info: RandomSeqAccuracies.png  used on input line 304.
(pdftex.def)             Requested size: 190.2147pt x 114.07822pt.


[7]

LaTeX Warning: Reference `sec:AppendixB' on page 8 undefined on input line 316.



Package natbib Warning: Citation `Lee2023' on page 8 undefined on input line 31
6.


Overfull \hbox (2.8201pt too wide) in paragraph at lines 318--319
[]\T1/txr/bx/n/10 Encoding-Regression-Decoding (ERD)\T1/txr/m/n/10 : if we con-
sider the model ar-chi-tec-ture (Trans-former)
 []


Overfull \hbox (17.92398pt too wide) in paragraph at lines 321--322
[]\T1/txr/m/n/10 Encoding (to-ken to value): maps the in-put se-quence (i.e., $
\OML/txmi/m/it/10 a[]a[]a[]a[]a[]a[]a[]$ $\OMS/txsy/m/n/10 h\OML/txmi/m/it/10 o
p\OMS/txsy/m/n/10 i$ $\OML/txmi/m/it/10 b[]b[]b[]b[]b[]b[]b[]$\T1/txr/m/n/10 )
 []


LaTeX Warning: Reference `sec:AppendixC' on page 8 undefined on input line 322.



LaTeX Warning: Reference `subsec:InterpolationVsExtrapolation' on page 8 undefi
ned on input line 326.


LaTeX Warning: Reference `subsec:LookingAtInternalRepresentations' on page 8 un
defined on input line 326.


Package natbib Warning: Citation `Wallace2019' on page 8 undefined on input lin
e 326.


Package natbib Warning: Citation `Naik2019' on page 8 undefined on input line 3
26.


Package natbib Warning: Citation `Sundararaman2020' on page 8 undefined on inpu
t line 326.


LaTeX Warning: Reference `subsec:LearningAdditionAndMultiplication' on page 8 u
ndefined on input line 330.



[8]

LaTeX Warning: Reference `figure:VStVSvSeqAccuracy' on page 9 undefined on inpu
t line 343.


LaTeX Warning: Reference `figure:NanoGPTVStVSvSeqAccuracy' on page 9 undefined 
on input line 343.


LaTeX Warning: Reference `sec:AppendixE' on page 9 undefined on input line 343.


<VStVSvSeqAccuracyAdd.png, id=38, 181.1568pt x 107.9232pt>
File: VStVSvSeqAccuracyAdd.png Graphic file (type png)
<use VStVSvSeqAccuracyAdd.png>
Package pdftex.def Info: VStVSvSeqAccuracyAdd.png  used on input line 347.
(pdftex.def)             Requested size: 190.2147pt x 113.3194pt.
<VStVSvSeqAccuracyMul.png, id=39, 181.1568pt x 107.6823pt>
File: VStVSvSeqAccuracyMul.png Graphic file (type png)
<use VStVSvSeqAccuracyMul.png>
Package pdftex.def Info: VStVSvSeqAccuracyMul.png  used on input line 348.
(pdftex.def)             Requested size: 190.2147pt x 113.06644pt.


[9]

Package natbib Warning: Citation `Schober2018' on page 10 undefined on input li
ne 391.


LaTeX Warning: Reference `figure:PearsonCorrelation' on page 10 undefined on in
put line 391.

<PearsonCorrelation.png, id=43, 275.1078pt x 254.6313pt>
File: PearsonCorrelation.png Graphic file (type png)
<use PearsonCorrelation.png>
Package pdftex.def Info: PearsonCorrelation.png  used on input line 395.
(pdftex.def)             Requested size: 330.12769pt x 305.55603pt.

LaTeX Warning: `!h' float specifier changed to `!ht'.


LaTeX Warning: Reference `figure:PearsonCorrelation' on page 10 undefined on in
put line 401.


LaTeX Warning: Reference `sec:AblationStudy' on page 10 undefined on input line
 401.


LaTeX Warning: Reference `figure:PearsonCorrelation' on page 10 undefined on in
put line 401.


LaTeX Warning: Reference `figure:PearsonCorrelation' on page 10 undefined on in
put line 403.


Package natbib Warning: Citation `Elazar2021' on page 10 undefined on input lin
e 405.


Package natbib Warning: Citation `Liu2018' on page 10 undefined on input line 4
09.


LaTeX Warning: Reference `sec:AppendixE' on page 10 undefined on input line 409
.


LaTeX Warning: Reference `table:AblationStudy' on page 10 undefined on input li
ne 410.


LaTeX Warning: Reference `table:LMDetails' on page 10 undefined on input line 4
19.



[10]

LaTeX Warning: `h' float specifier changed to `ht'.



[11]

Package natbib Warning: Citation `Lee2023' on page 12 undefined on input line 4
41.


Package natbib Warning: Citation `Nanda2023' on page 12 undefined on input line
 443.


LaTeX Warning: Reference `subsec:MechanisticInterpretability' on page 12 undefi
ned on input line 443.


Package natbib Warning: Citation `Stolfo2023' on page 12 undefined on input lin
e 443.



[12]

Package natbib Warning: Citation `Feng2023' on page 13 undefined on input line 
447.


Package natbib Warning: Citation `Keskar2017' on page 13 undefined on input lin
e 447.


LaTeX Warning: Reference `table:AdditionDiscontinuities' on page 13 undefined o
n input line 455.

<AdditionDiscontinuities.png, id=53, 488.0634pt x 239.9364pt>
File: AdditionDiscontinuities.png Graphic file (type png)
<use AdditionDiscontinuities.png>
Package pdftex.def Info: AdditionDiscontinuities.png  used on input line 460.
(pdftex.def)             Requested size: 384.0pt x 188.78981pt.

LaTeX Warning: Reference `table:TwoOutputTruthTableForAddition' on page 13 unde
fined on input line 467.



[13]

LaTeX Warning: Reference `figure:ExampleMultiplication' on page 14 undefined on
 input line 499.

<ExampleMultiplication.png, id=58, 217.5327pt x 70.3428pt>
File: ExampleMultiplication.png Graphic file (type png)
<use ExampleMultiplication.png>
Package pdftex.def Info: ExampleMultiplication.png  used on input line 503.
(pdftex.def)             Requested size: 261.0379pt x 84.41092pt.

LaTeX Warning: Reference `subsec:ComputationalApproach' on page 14 undefined on
 input line 511.



[14]

LaTeX Warning: Reference `sec:AppendixB' on page 15 undefined on input line 523
.


LaTeX Warning: Reference `figure:PlainRevBitsSeqAccuracies' on page 15 undefine
d on input line 525.


Package natbib Warning: Citation `Nogueira2021' on page 15 undefined on input l
ine 525.


Package natbib Warning: Citation `Lee2023' on page 15 undefined on input line 5
25.


Package natbib Warning: Citation `Lee2023' on page 15 undefined on input line 5
25.

<PlainRevBitsSeqAccAdd.png, id=62, 181.1568pt x 108.8868pt>
File: PlainRevBitsSeqAccAdd.png Graphic file (type png)
<use PlainRevBitsSeqAccAdd.png>
Package pdftex.def Info: PlainRevBitsSeqAccAdd.png  used on input line 529.
(pdftex.def)             Requested size: 190.2147pt x 114.33116pt.
<PlainRevBitsSeqAccMul.png, id=63, 181.1568pt x 108.8868pt>
File: PlainRevBitsSeqAccMul.png Graphic file (type png)
<use PlainRevBitsSeqAccMul.png>
Package pdftex.def Info: PlainRevBitsSeqAccMul.png  used on input line 530.
(pdftex.def)             Requested size: 190.2147pt x 114.33116pt.

LaTeX Warning: Reference `subsec:ComputationalApproach' on page 15 undefined on
 input line 538.


LaTeX Warning: Reference `figure:PearsonCorrelation' on page 15 undefined on in
put line 538.


Package natbib Warning: Citation `Elazar2021' on page 15 undefined on input lin
e 538.


Package natbib Warning: Citation `Ravfogel2020' on page 15 undefined on input l
ine 538.


Package natbib Warning: Citation `Ravfogel2020' on page 15 undefined on input l
ine 538.



[15]

Package natbib Warning: Citation `Elazar2021' on page 16 undefined on input lin
e 542.


Package natbib Warning: Citation `Karpathy2022' on page 16 undefined on input l
ine 550.


LaTeX Warning: Reference `table:NanoGPTDetails' on page 16 undefined on input l
ine 550.


LaTeX Warning: Reference `figure:NanoGPTAddMulSeqAccuracies' on page 16 undefin
ed on input line 578.


LaTeX Warning: Reference `figure:AddMulSeqAccuracies' on page 16 undefined on i
nput line 578.


LaTeX Warning: Reference `figure:NanoGPTAddMulSeqAccuracies' on page 16 undefin
ed on input line 578.



[16]
<NanoGPTAdditionSeqAccuracies.png, id=70, 181.1568pt x 108.6459pt>
File: NanoGPTAdditionSeqAccuracies.png Graphic file (type png)
<use NanoGPTAdditionSeqAccuracies.png>
Package pdftex.def Info: NanoGPTAdditionSeqAccuracies.png  used on input line 5
82.
(pdftex.def)             Requested size: 190.2147pt x 114.07822pt.
<NanoGPTMultiplicationSeqAccuracies.png, id=71, 181.1568pt x 108.6459pt>
File: NanoGPTMultiplicationSeqAccuracies.png Graphic file (type png)
<use NanoGPTMultiplicationSeqAccuracies.png>
Package pdftex.def Info: NanoGPTMultiplicationSeqAccuracies.png  used on input 
line 583.
(pdftex.def)             Requested size: 190.2147pt x 114.07822pt.
LaTeX Font Info:    Font shape `T1/txr/b/n' in size <8> not available
(Font)              Font shape `T1/txr/bx/n' tried instead on input line 585.


LaTeX Warning: Reference `subsec:LearningAdditionAndMultiplication' on page 17 
undefined on input line 585.


LaTeX Warning: Reference `subsec:LearningAdditionAndMultiplication' on page 17 
undefined on input line 585.


LaTeX Warning: Reference `figure:NanoGPTVStVSvSeqAccuracy' on page 17 undefined
 on input line 589.


LaTeX Warning: Reference `subsec:InterpolationVsExtrapolation' on page 17 undef
ined on input line 589.


LaTeX Warning: Reference `subsec:InterpolationVsExtrapolation' on page 17 undef
ined on input line 589.

<NanoGPTVStVSvSeqAccuracyAdd.png, id=72, 181.1568pt x 108.8868pt>
File: NanoGPTVStVSvSeqAccuracyAdd.png Graphic file (type png)
<use NanoGPTVStVSvSeqAccuracyAdd.png>
Package pdftex.def Info: NanoGPTVStVSvSeqAccuracyAdd.png  used on input line 59
3.
(pdftex.def)             Requested size: 190.2147pt x 114.33116pt.
<NanoGPTVStVSvSeqAccuracyMul.png, id=73, 181.1568pt x 108.6459pt>
File: NanoGPTVStVSvSeqAccuracyMul.png Graphic file (type png)
<use NanoGPTVStVSvSeqAccuracyMul.png>
Package pdftex.def Info: NanoGPTVStVSvSeqAccuracyMul.png  used on input line 59
4.
(pdftex.def)             Requested size: 190.2147pt x 114.07822pt.


[17]
Underfull \hbox (badness 10000) in paragraph at lines 630--631
[]\T1/txr/m/n/10 Karpathy A., nanoGPT: a lightweight im-ple-men-ta-tion of medi
um-sized GPTs,
 []



[18]

Package natbib Warning: There were undefined citations.



[19] (./elsarticle-template-harv.aux

Package natbib Warning: Citation(s) may have changed.
(natbib)                Rerun to get citations correct.

)
 ***********
LaTeX2e <2024-11-01> patch level 2
L3 programming layer <2025-01-18>
 ***********


LaTeX Warning: There were undefined references.


LaTeX Warning: Label(s) may have changed. Rerun to get cross-references right.

 ) 
Here is how much of TeX's memory you used:
 6085 strings out of 473190
 91051 string characters out of 5715801
 484439 words of memory out of 5000000
 29218 multiletter control sequences out of 15000+600000
 616729 words of font info for 131 fonts, out of 8000000 for 9000
 1141 hyphenation exceptions out of 8191
 72i,11n,79p,1410b,316s stack positions out of 10000i,1000n,20000p,200000b,200000s

pdfTeX warning: \pdfdraftmode enabled, not changing output pdf

PDF statistics:
 84 PDF objects out of 1000 (max. 8388607)
 0 named destinations out of 1000 (max. 500000)
 71 words of extra memory for PDF output out of 10000 (max. 10000000)

